---------------------------------------------------------------
[ 2018-04-13T20:48:08+08:00 ] ::1 ::1 GET /blog/home
[ info ] localhost/blog/home [运行时间：0.172594s][吞吐率：5.79req/s] [内存消耗：2,845.37kb] [文件加载：55]
[ info ] [ LANG ] D:\B\AppServ\www\blog\thinkphp\lang\zh-cn.php
[ info ] [ ROUTE ] array (
  'type' => 'module',
  'module' => 'index/index/index/index',
)
[ info ] [ HEADER ] array (
  'host' => 'localhost',
  'connection' => 'keep-alive',
  'upgrade-insecure-requests' => '1',
  'user-agent' => 'Mozilla/5.0 (Windows NT 10.0; WOW64) AppleWebKit/537.36 (KHTML, like Gecko) Chrome/54.0.2840.99 Safari/537.36',
  'accept' => 'text/html,application/xhtml+xml,application/xml;q=0.9,image/webp,*/*;q=0.8',
  'referer' => 'http://localhost/blog/mood',
  'accept-encoding' => 'gzip, deflate, gzip, br',
  'accept-language' => 'zh-CN,zh;q=0.8',
  'cookie' => 'ip_0000=0.0.0.0; PHPSESSID=suceuh0f85dbfrpo0a0qs23or7',
)
[ info ] [ PARAM ] array (
)
[ info ] [ DB ] INIT mysql
[ info ] [ SESSION ] INIT array (
  'id' => '',
  'var_session_id' => '',
  'prefix' => 'think',
  'type' => '',
  'auto_start' => true,
)
[ info ] [ RUN ] app\index\controller\Index->index[ D:\B\AppServ\www\blog\application\index\controller\Index.php ]
[ info ] [ VIEW ] D:\B\AppServ\www\blog/application/index\view\index\index.html [ array (
  0 => 'cate',
  1 => 'about',
  2 => 'conf',
  3 => 'heatArticles',
  4 => 'newArticles',
  5 => 'praiseArticles',
  6 => 'friendshiplink',
  7 => 'tags',
  8 => 'message',
  9 => 'slider',
) ]
[ info ] [ LOG ] INIT File
[ sql ] [ DB ] CONNECT:[ UseTime:0.009379s ] mysql:host=localhost;dbname=blog;charset=utf8
[ sql ] [ SQL ] SHOW COLUMNS FROM `config` [ RunTime:0.003457s ]
[ sql ] [ SQL ] SELECT * FROM `config` LIMIT 1 [ RunTime:0.001051s ]
[ sql ] [ SQL ] SHOW COLUMNS FROM `cate` [ RunTime:0.002258s ]
[ sql ] [ SQL ] SELECT * FROM `cate` WHERE  `status` = 1 [ RunTime:0.000727s ]
[ sql ] [ SQL ] SHOW COLUMNS FROM `aboutme` [ RunTime:0.001058s ]
[ sql ] [ SQL ] SELECT * FROM `aboutme` WHERE  `meId` = 1 LIMIT 1 [ RunTime:0.000849s ]
[ sql ] [ SQL ] SHOW COLUMNS FROM `article` [ RunTime:0.001063s ]
[ sql ] [ SQL ] SELECT * FROM `article` WHERE  `status` = 1 ORDER BY articleClicks desc LIMIT 5 [ RunTime:0.000832s ]
[ sql ] [ SQL ] SELECT * FROM `article` WHERE  `status` = 1 ORDER BY addTime desc LIMIT 5 [ RunTime:0.000765s ]
[ sql ] [ SQL ] SELECT * FROM `article` WHERE  `status` = 1 ORDER BY praiseClicks desc LIMIT 5 [ RunTime:0.000542s ]
[ sql ] [ SQL ] SHOW COLUMNS FROM `friendshiplink` [ RunTime:0.000904s ]
[ sql ] [ SQL ] SELECT * FROM `friendshiplink` WHERE  `status` = 1 [ RunTime:0.000428s ]
[ sql ] [ SQL ] SELECT DISTINCT  `articleTags` FROM `article` WHERE  `status` = 1 [ RunTime:0.000603s ]
[ sql ] [ SQL ] SHOW COLUMNS FROM `message` [ RunTime:0.000892s ]
[ sql ] [ SQL ] SELECT `m`.*,`u`.`userName` FROM `message` `m` INNER JOIN `user` `u` ON `u`.`userId`=`m`.`messageAtor` WHERE  `m`.`status` = 1 LIMIT 5 [ RunTime:0.000990s ]
[ sql ] [ SQL ] SELECT * FROM `cate` WHERE  `status` = 1 [ RunTime:0.000660s ]
[ sql ] [ SQL ] SELECT `a`.*,`u`.`userName`,`c`.`cateName`,`c`.`cateId` FROM `article` `a` INNER JOIN `user` `u` ON `a`.`ator`=`u`.`userId` INNER JOIN `cate` `c` ON `a`.`articleCate`=`c`.`cateId` WHERE  `a`.`status` = 1  AND `a`.`slider` = 1 ORDER BY a.addTime asc LIMIT 5 [ RunTime:0.000681s ]
---------------------------------------------------------------
[ 2018-04-13T20:48:08+08:00 ] ::1 ::1 GET /blog/index/index/time.html
[ info ] localhost/blog/index/index/time.html [运行时间：0.093749s][吞吐率：10.67req/s] [内存消耗：2,725.27kb] [文件加载：54]
[ info ] [ LANG ] D:\B\AppServ\www\blog\thinkphp\lang\zh-cn.php
[ info ] [ ROUTE ] array (
  'type' => 'module',
  'module' => 
  array (
    0 => 'index',
    1 => 'index',
    2 => 'time',
  ),
)
[ info ] [ HEADER ] array (
  'host' => 'localhost',
  'connection' => 'keep-alive',
  'upgrade-insecure-requests' => '1',
  'user-agent' => 'Mozilla/5.0 (Windows NT 10.0; WOW64) AppleWebKit/537.36 (KHTML, like Gecko) Chrome/54.0.2840.99 Safari/537.36',
  'accept' => 'text/html,application/xhtml+xml,application/xml;q=0.9,image/webp,*/*;q=0.8',
  'referer' => 'http://localhost/blog/home',
  'accept-encoding' => 'gzip, deflate, gzip, br',
  'accept-language' => 'zh-CN,zh;q=0.8',
  'cookie' => 'ip_0000=0.0.0.0; PHPSESSID=suceuh0f85dbfrpo0a0qs23or7',
)
[ info ] [ PARAM ] array (
)
[ info ] [ DB ] INIT mysql
[ info ] [ SESSION ] INIT array (
  'id' => '',
  'var_session_id' => '',
  'prefix' => 'think',
  'type' => '',
  'auto_start' => true,
)
[ info ] [ RUN ] app\index\controller\Index->time[ D:\B\AppServ\www\blog\application\index\controller\Index.php ]
[ info ] [ VIEW ] D:\B\AppServ\www\blog/application/index\view\index\time.html [ array (
  0 => 'cate',
  1 => 'about',
  2 => 'conf',
  3 => 'heatArticles',
  4 => 'newArticles',
  5 => 'praiseArticles',
  6 => 'friendshiplink',
  7 => 'tags',
  8 => 'message',
) ]
[ info ] [ LOG ] INIT File
[ sql ] [ DB ] CONNECT:[ UseTime:0.011645s ] mysql:host=localhost;dbname=blog;charset=utf8
[ sql ] [ SQL ] SHOW COLUMNS FROM `config` [ RunTime:0.001301s ]
[ sql ] [ SQL ] SELECT * FROM `config` LIMIT 1 [ RunTime:0.000586s ]
[ sql ] [ SQL ] SHOW COLUMNS FROM `cate` [ RunTime:0.000841s ]
[ sql ] [ SQL ] SELECT * FROM `cate` WHERE  `status` = 1 [ RunTime:0.000462s ]
[ sql ] [ SQL ] SHOW COLUMNS FROM `aboutme` [ RunTime:0.000845s ]
[ sql ] [ SQL ] SELECT * FROM `aboutme` WHERE  `meId` = 1 LIMIT 1 [ RunTime:0.000573s ]
[ sql ] [ SQL ] SHOW COLUMNS FROM `article` [ RunTime:0.001973s ]
[ sql ] [ SQL ] SELECT * FROM `article` WHERE  `status` = 1 ORDER BY articleClicks desc LIMIT 5 [ RunTime:0.000884s ]
[ sql ] [ SQL ] SELECT * FROM `article` WHERE  `status` = 1 ORDER BY addTime desc LIMIT 5 [ RunTime:0.001500s ]
[ sql ] [ SQL ] SELECT * FROM `article` WHERE  `status` = 1 ORDER BY praiseClicks desc LIMIT 5 [ RunTime:0.000851s ]
[ sql ] [ SQL ] SHOW COLUMNS FROM `friendshiplink` [ RunTime:0.002569s ]
[ sql ] [ SQL ] SELECT * FROM `friendshiplink` WHERE  `status` = 1 [ RunTime:0.000672s ]
[ sql ] [ SQL ] SELECT DISTINCT  `articleTags` FROM `article` WHERE  `status` = 1 [ RunTime:0.000437s ]
[ sql ] [ SQL ] SHOW COLUMNS FROM `message` [ RunTime:0.000623s ]
[ sql ] [ SQL ] SELECT `m`.*,`u`.`userName` FROM `message` `m` INNER JOIN `user` `u` ON `u`.`userId`=`m`.`messageAtor` WHERE  `m`.`status` = 1 LIMIT 5 [ RunTime:0.000442s ]
[ sql ] [ SQL ] SELECT * FROM `cate` WHERE  `status` = 1 [ RunTime:0.000552s ]
---------------------------------------------------------------
[ 2018-04-13T20:48:09+08:00 ] ::1 ::1 GET /blog/index/index/flow?page=1
[ info ] localhost/blog/index/index/flow?page=1 [运行时间：0.100281s][吞吐率：9.97req/s] [内存消耗：2,861.80kb] [文件加载：55]
[ info ] [ LANG ] D:\B\AppServ\www\blog\thinkphp\lang\zh-cn.php
[ info ] [ ROUTE ] array (
  'type' => 'module',
  'module' => 
  array (
    0 => 'index',
    1 => 'index',
    2 => 'flow',
  ),
)
[ info ] [ HEADER ] array (
  'host' => 'localhost',
  'connection' => 'keep-alive',
  'user-agent' => 'Mozilla/5.0 (Windows NT 10.0; WOW64) AppleWebKit/537.36 (KHTML, like Gecko) Chrome/54.0.2840.99 Safari/537.36',
  'accept' => '*/*',
  'referer' => 'http://localhost/blog/home',
  'accept-encoding' => 'gzip, deflate, gzip, br',
  'accept-language' => 'zh-CN,zh;q=0.8',
  'cookie' => 'ip_0000=0.0.0.0; PHPSESSID=suceuh0f85dbfrpo0a0qs23or7',
)
[ info ] [ PARAM ] array (
  'page' => '1',
)
[ info ] [ DB ] INIT mysql
[ info ] [ SESSION ] INIT array (
  'id' => '',
  'var_session_id' => '',
  'prefix' => 'think',
  'type' => '',
  'auto_start' => true,
)
[ info ] [ RUN ] app\index\controller\Index->flow[ D:\B\AppServ\www\blog\application\index\controller\Index.php ]
[ info ] [ LOG ] INIT File
[ sql ] [ DB ] CONNECT:[ UseTime:0.012099s ] mysql:host=localhost;dbname=blog;charset=utf8
[ sql ] [ SQL ] SHOW COLUMNS FROM `config` [ RunTime:0.003544s ]
[ sql ] [ SQL ] SELECT * FROM `config` LIMIT 1 [ RunTime:0.001615s ]
[ sql ] [ SQL ] SHOW COLUMNS FROM `cate` [ RunTime:0.003702s ]
[ sql ] [ SQL ] SELECT * FROM `cate` WHERE  `status` = 1 [ RunTime:0.001269s ]
[ sql ] [ SQL ] SHOW COLUMNS FROM `aboutme` [ RunTime:0.001637s ]
[ sql ] [ SQL ] SELECT * FROM `aboutme` WHERE  `meId` = 1 LIMIT 1 [ RunTime:0.000706s ]
[ sql ] [ SQL ] SHOW COLUMNS FROM `article` [ RunTime:0.000861s ]
[ sql ] [ SQL ] SELECT * FROM `article` WHERE  `status` = 1 ORDER BY articleClicks desc LIMIT 5 [ RunTime:0.000795s ]
[ sql ] [ SQL ] SELECT * FROM `article` WHERE  `status` = 1 ORDER BY addTime desc LIMIT 5 [ RunTime:0.000682s ]
[ sql ] [ SQL ] SELECT * FROM `article` WHERE  `status` = 1 ORDER BY praiseClicks desc LIMIT 5 [ RunTime:0.000683s ]
[ sql ] [ SQL ] SHOW COLUMNS FROM `friendshiplink` [ RunTime:0.000911s ]
[ sql ] [ SQL ] SELECT * FROM `friendshiplink` WHERE  `status` = 1 [ RunTime:0.000480s ]
[ sql ] [ SQL ] SELECT DISTINCT  `articleTags` FROM `article` WHERE  `status` = 1 [ RunTime:0.000492s ]
[ sql ] [ SQL ] SHOW COLUMNS FROM `message` [ RunTime:0.001235s ]
[ sql ] [ SQL ] SELECT `m`.*,`u`.`userName` FROM `message` `m` INNER JOIN `user` `u` ON `u`.`userId`=`m`.`messageAtor` WHERE  `m`.`status` = 1 LIMIT 5 [ RunTime:0.000629s ]
[ sql ] [ SQL ] SELECT * FROM `cate` WHERE  `status` = 1 [ RunTime:0.000910s ]
[ sql ] [ SQL ] SELECT `a`.*,`u`.`userName`,`c`.`cateName`,`c`.`cateId` FROM `article` `a` INNER JOIN `user` `u` ON `a`.`ator`=`u`.`userId` INNER JOIN `cate` `c` ON `a`.`articleCate`=`c`.`cateId` WHERE  `a`.`status` = 1 LIMIT 0,11 [ RunTime:0.001852s ]
---------------------------------------------------------------
[ 2018-04-13T20:48:13+08:00 ] ::1 ::1 GET /blog/article?aid=1
[ info ] localhost/blog/article?aid=1 [运行时间：0.346685s][吞吐率：2.88req/s] [内存消耗：3,169.18kb] [文件加载：60]
[ info ] [ LANG ] D:\B\AppServ\www\blog\thinkphp\lang\zh-cn.php
[ info ] [ ROUTE ] array (
  'type' => 'module',
  'module' => 'index/article/article/index',
)
[ info ] [ HEADER ] array (
  'host' => 'localhost',
  'connection' => 'keep-alive',
  'upgrade-insecure-requests' => '1',
  'user-agent' => 'Mozilla/5.0 (Windows NT 10.0; WOW64) AppleWebKit/537.36 (KHTML, like Gecko) Chrome/54.0.2840.99 Safari/537.36',
  'accept' => 'text/html,application/xhtml+xml,application/xml;q=0.9,image/webp,*/*;q=0.8',
  'referer' => 'http://localhost/blog/home',
  'accept-encoding' => 'gzip, deflate, gzip, br',
  'accept-language' => 'zh-CN,zh;q=0.8',
  'cookie' => 'ip_0000=0.0.0.0; PHPSESSID=suceuh0f85dbfrpo0a0qs23or7',
)
[ info ] [ PARAM ] array (
  'aid' => '1',
)
[ info ] [ DB ] INIT mysql
[ info ] [ SESSION ] INIT array (
  'id' => '',
  'var_session_id' => '',
  'prefix' => 'think',
  'type' => '',
  'auto_start' => true,
)
[ info ] [ RUN ] app\index\controller\Article->article[ D:\B\AppServ\www\blog\application\index\controller\Article.php ]
[ info ] [ CACHE ] INIT file
[ info ] [ VIEW ] D:\B\AppServ\www\blog/application/index\view\article\article.html [ array (
  0 => 'cate',
  1 => 'about',
  2 => 'conf',
  3 => 'heatArticles',
  4 => 'newArticles',
  5 => 'praiseArticles',
  6 => 'friendshiplink',
  7 => 'tags',
  8 => 'message',
  9 => 'comment',
  10 => 'ad',
  11 => 'am',
  12 => 'upA',
  13 => 'downA',
  14 => 'cateHeat',
  15 => 'aid',
) ]
[ info ] [ LOG ] INIT File
[ sql ] [ DB ] CONNECT:[ UseTime:0.001448s ] mysql:host=localhost;dbname=blog;charset=utf8
[ sql ] [ SQL ] SHOW COLUMNS FROM `config` [ RunTime:0.001098s ]
[ sql ] [ SQL ] SELECT * FROM `config` LIMIT 1 [ RunTime:0.000561s ]
[ sql ] [ SQL ] SHOW COLUMNS FROM `cate` [ RunTime:0.001051s ]
[ sql ] [ SQL ] SELECT * FROM `cate` WHERE  `status` = 1 [ RunTime:0.000452s ]
[ sql ] [ SQL ] SHOW COLUMNS FROM `aboutme` [ RunTime:0.000714s ]
[ sql ] [ SQL ] SELECT * FROM `aboutme` WHERE  `meId` = 1 LIMIT 1 [ RunTime:0.000391s ]
[ sql ] [ SQL ] SHOW COLUMNS FROM `article` [ RunTime:0.000744s ]
[ sql ] [ SQL ] SELECT * FROM `article` WHERE  `status` = 1 ORDER BY articleClicks desc LIMIT 5 [ RunTime:0.000617s ]
[ sql ] [ SQL ] SELECT * FROM `article` WHERE  `status` = 1 ORDER BY addTime desc LIMIT 5 [ RunTime:0.000567s ]
[ sql ] [ SQL ] SELECT * FROM `article` WHERE  `status` = 1 ORDER BY praiseClicks desc LIMIT 5 [ RunTime:0.000483s ]
[ sql ] [ SQL ] SHOW COLUMNS FROM `friendshiplink` [ RunTime:0.000950s ]
[ sql ] [ SQL ] SELECT * FROM `friendshiplink` WHERE  `status` = 1 [ RunTime:0.000565s ]
[ sql ] [ SQL ] SELECT DISTINCT  `articleTags` FROM `article` WHERE  `status` = 1 [ RunTime:0.000358s ]
[ sql ] [ SQL ] SHOW COLUMNS FROM `message` [ RunTime:0.000742s ]
[ sql ] [ SQL ] SELECT `m`.*,`u`.`userName` FROM `message` `m` INNER JOIN `user` `u` ON `u`.`userId`=`m`.`messageAtor` WHERE  `m`.`status` = 1 LIMIT 5 [ RunTime:0.000365s ]
[ sql ] [ SQL ] SELECT * FROM `cate` WHERE  `status` = 1 [ RunTime:0.000374s ]
[ sql ] [ SQL ] UPDATE `article`  SET `articleClicks`=articleClicks+1  WHERE  `articleId` = 1 [ RunTime:0.046488s ]
[ sql ] [ SQL ] SHOW COLUMNS FROM `comment` [ RunTime:0.001136s ]
[ sql ] [ SQL ] SELECT `c`.*,`u`.`userName` FROM `comment` `c` INNER JOIN `user` `u` ON `u`.`userId`=`c`.`commentAtor` WHERE  `c`.`status` = 1  AND `c`.`commentArticleid` = '1' ORDER BY addTime desc [ RunTime:0.001088s ]
[ sql ] [ SQL ] SELECT `a`.*,`u`.`userName`,`c`.`cateName`,`c`.`cateId` FROM `article` `a` INNER JOIN `cate` `c` ON `a`.`articleCate`=`c`.`cateId` INNER JOIN `user` `u` ON `a`.`ator`=`u`.`userId` WHERE  `articleId` = 1 LIMIT 1 [ RunTime:0.000886s ]
[ sql ] [ SQL ] SELECT * FROM `aboutme` WHERE  `meId` = 1 LIMIT 1 [ RunTime:0.000574s ]
[ sql ] [ SQL ] SELECT `articleId` FROM `article` WHERE  `articleCate` = 2  AND `articleId` > 1 ORDER BY articleId asc LIMIT 1 [ RunTime:0.000618s ]
[ sql ] [ SQL ] SELECT `articleId` FROM `article` WHERE  `articleCate` = 2  AND `articleId` < 1 ORDER BY articleId desc LIMIT 1 [ RunTime:0.001686s ]
[ sql ] [ SQL ] SELECT * FROM `article` WHERE  `status` = 1  AND `articleCate` = 2 ORDER BY praiseClicks desc LIMIT 5 [ RunTime:0.000920s ]
---------------------------------------------------------------
[ 2018-04-13T20:48:13+08:00 ] ::1 ::1 GET /blog/index/index/time.html
[ info ] localhost/blog/index/index/time.html [运行时间：0.072486s][吞吐率：13.80req/s] [内存消耗：2,725.28kb] [文件加载：54]
[ info ] [ LANG ] D:\B\AppServ\www\blog\thinkphp\lang\zh-cn.php
[ info ] [ ROUTE ] array (
  'type' => 'module',
  'module' => 
  array (
    0 => 'index',
    1 => 'index',
    2 => 'time',
  ),
)
[ info ] [ HEADER ] array (
  'host' => 'localhost',
  'connection' => 'keep-alive',
  'upgrade-insecure-requests' => '1',
  'user-agent' => 'Mozilla/5.0 (Windows NT 10.0; WOW64) AppleWebKit/537.36 (KHTML, like Gecko) Chrome/54.0.2840.99 Safari/537.36',
  'accept' => 'text/html,application/xhtml+xml,application/xml;q=0.9,image/webp,*/*;q=0.8',
  'referer' => 'http://localhost/blog/article?aid=1',
  'accept-encoding' => 'gzip, deflate, gzip, br',
  'accept-language' => 'zh-CN,zh;q=0.8',
  'cookie' => 'ip_0000=0.0.0.0; PHPSESSID=suceuh0f85dbfrpo0a0qs23or7',
)
[ info ] [ PARAM ] array (
)
[ info ] [ DB ] INIT mysql
[ info ] [ SESSION ] INIT array (
  'id' => '',
  'var_session_id' => '',
  'prefix' => 'think',
  'type' => '',
  'auto_start' => true,
)
[ info ] [ RUN ] app\index\controller\Index->time[ D:\B\AppServ\www\blog\application\index\controller\Index.php ]
[ info ] [ VIEW ] D:\B\AppServ\www\blog/application/index\view\index\time.html [ array (
  0 => 'cate',
  1 => 'about',
  2 => 'conf',
  3 => 'heatArticles',
  4 => 'newArticles',
  5 => 'praiseArticles',
  6 => 'friendshiplink',
  7 => 'tags',
  8 => 'message',
) ]
[ info ] [ LOG ] INIT File
[ sql ] [ DB ] CONNECT:[ UseTime:0.011065s ] mysql:host=localhost;dbname=blog;charset=utf8
[ sql ] [ SQL ] SHOW COLUMNS FROM `config` [ RunTime:0.001313s ]
[ sql ] [ SQL ] SELECT * FROM `config` LIMIT 1 [ RunTime:0.000375s ]
[ sql ] [ SQL ] SHOW COLUMNS FROM `cate` [ RunTime:0.000799s ]
[ sql ] [ SQL ] SELECT * FROM `cate` WHERE  `status` = 1 [ RunTime:0.000360s ]
[ sql ] [ SQL ] SHOW COLUMNS FROM `aboutme` [ RunTime:0.000745s ]
[ sql ] [ SQL ] SELECT * FROM `aboutme` WHERE  `meId` = 1 LIMIT 1 [ RunTime:0.000767s ]
[ sql ] [ SQL ] SHOW COLUMNS FROM `article` [ RunTime:0.001416s ]
[ sql ] [ SQL ] SELECT * FROM `article` WHERE  `status` = 1 ORDER BY articleClicks desc LIMIT 5 [ RunTime:0.001052s ]
[ sql ] [ SQL ] SELECT * FROM `article` WHERE  `status` = 1 ORDER BY addTime desc LIMIT 5 [ RunTime:0.000883s ]
[ sql ] [ SQL ] SELECT * FROM `article` WHERE  `status` = 1 ORDER BY praiseClicks desc LIMIT 5 [ RunTime:0.000766s ]
[ sql ] [ SQL ] SHOW COLUMNS FROM `friendshiplink` [ RunTime:0.001002s ]
[ sql ] [ SQL ] SELECT * FROM `friendshiplink` WHERE  `status` = 1 [ RunTime:0.000525s ]
[ sql ] [ SQL ] SELECT DISTINCT  `articleTags` FROM `article` WHERE  `status` = 1 [ RunTime:0.000517s ]
[ sql ] [ SQL ] SHOW COLUMNS FROM `message` [ RunTime:0.000955s ]
[ sql ] [ SQL ] SELECT `m`.*,`u`.`userName` FROM `message` `m` INNER JOIN `user` `u` ON `u`.`userId`=`m`.`messageAtor` WHERE  `m`.`status` = 1 LIMIT 5 [ RunTime:0.000489s ]
[ sql ] [ SQL ] SELECT * FROM `cate` WHERE  `status` = 1 [ RunTime:0.000539s ]
---------------------------------------------------------------
[ 2018-04-13T20:48:16+08:00 ] ::1 ::1 GET /blog/cate?cid=2
[ info ] localhost/blog/cate?cid=2 [运行时间：0.184135s][吞吐率：5.43req/s] [内存消耗：3,133.76kb] [文件加载：60]
[ info ] [ LANG ] D:\B\AppServ\www\blog\thinkphp\lang\zh-cn.php
[ info ] [ ROUTE ] array (
  'type' => 'module',
  'module' => 'index/article/noslider/index',
)
[ info ] [ HEADER ] array (
  'host' => 'localhost',
  'connection' => 'keep-alive',
  'upgrade-insecure-requests' => '1',
  'user-agent' => 'Mozilla/5.0 (Windows NT 10.0; WOW64) AppleWebKit/537.36 (KHTML, like Gecko) Chrome/54.0.2840.99 Safari/537.36',
  'accept' => 'text/html,application/xhtml+xml,application/xml;q=0.9,image/webp,*/*;q=0.8',
  'referer' => 'http://localhost/blog/article?aid=1',
  'accept-encoding' => 'gzip, deflate, gzip, br',
  'accept-language' => 'zh-CN,zh;q=0.8',
  'cookie' => 'ip_0000=0.0.0.0; PHPSESSID=suceuh0f85dbfrpo0a0qs23or7',
)
[ info ] [ PARAM ] array (
  'cid' => '2',
)
[ info ] [ DB ] INIT mysql
[ info ] [ SESSION ] INIT array (
  'id' => '',
  'var_session_id' => '',
  'prefix' => 'think',
  'type' => '',
  'auto_start' => true,
)
[ info ] [ RUN ] app\index\controller\Article->noslider[ D:\B\AppServ\www\blog\application\index\controller\Article.php ]
[ info ] [ VIEW ] D:\B\AppServ\www\blog/application/index\view\article\noslider.html [ array (
  0 => 'cate',
  1 => 'about',
  2 => 'conf',
  3 => 'heatArticles',
  4 => 'newArticles',
  5 => 'praiseArticles',
  6 => 'friendshiplink',
  7 => 'tags',
  8 => 'message',
  9 => 'cateName',
  10 => 'cArticle',
) ]
[ info ] [ LOG ] INIT File
[ sql ] [ DB ] CONNECT:[ UseTime:0.011001s ] mysql:host=localhost;dbname=blog;charset=utf8
[ sql ] [ SQL ] SHOW COLUMNS FROM `config` [ RunTime:0.000949s ]
[ sql ] [ SQL ] SELECT * FROM `config` LIMIT 1 [ RunTime:0.000338s ]
[ sql ] [ SQL ] SHOW COLUMNS FROM `cate` [ RunTime:0.000608s ]
[ sql ] [ SQL ] SELECT * FROM `cate` WHERE  `status` = 1 [ RunTime:0.000237s ]
[ sql ] [ SQL ] SHOW COLUMNS FROM `aboutme` [ RunTime:0.000667s ]
[ sql ] [ SQL ] SELECT * FROM `aboutme` WHERE  `meId` = 1 LIMIT 1 [ RunTime:0.000425s ]
[ sql ] [ SQL ] SHOW COLUMNS FROM `article` [ RunTime:0.000664s ]
[ sql ] [ SQL ] SELECT * FROM `article` WHERE  `status` = 1 ORDER BY articleClicks desc LIMIT 5 [ RunTime:0.000392s ]
[ sql ] [ SQL ] SELECT * FROM `article` WHERE  `status` = 1 ORDER BY addTime desc LIMIT 5 [ RunTime:0.000391s ]
[ sql ] [ SQL ] SELECT * FROM `article` WHERE  `status` = 1 ORDER BY praiseClicks desc LIMIT 5 [ RunTime:0.000385s ]
[ sql ] [ SQL ] SHOW COLUMNS FROM `friendshiplink` [ RunTime:0.000790s ]
[ sql ] [ SQL ] SELECT * FROM `friendshiplink` WHERE  `status` = 1 [ RunTime:0.000415s ]
[ sql ] [ SQL ] SELECT DISTINCT  `articleTags` FROM `article` WHERE  `status` = 1 [ RunTime:0.000452s ]
[ sql ] [ SQL ] SHOW COLUMNS FROM `message` [ RunTime:0.001044s ]
[ sql ] [ SQL ] SELECT `m`.*,`u`.`userName` FROM `message` `m` INNER JOIN `user` `u` ON `u`.`userId`=`m`.`messageAtor` WHERE  `m`.`status` = 1 LIMIT 5 [ RunTime:0.000604s ]
[ sql ] [ SQL ] SELECT * FROM `cate` WHERE  `status` = 1 [ RunTime:0.000449s ]
[ sql ] [ SQL ] SELECT `cateName` FROM `cate` WHERE  `cateId` = 2 LIMIT 1 [ RunTime:0.000316s ]
[ sql ] [ SQL ] SELECT COUNT(*) AS tp_count FROM `article` `a` INNER JOIN `cate` `c` ON `a`.`articleCate`=`c`.`cateId` INNER JOIN `user` `u` ON `a`.`ator`=`u`.`userId` WHERE  `a`.`articleCate` = '2'  AND `a`.`status` = 1 LIMIT 1 [ RunTime:0.000384s ]
[ sql ] [ SQL ] SELECT `a`.*,`u`.`userName`,`c`.`cateName` FROM `article` `a` INNER JOIN `cate` `c` ON `a`.`articleCate`=`c`.`cateId` INNER JOIN `user` `u` ON `a`.`ator`=`u`.`userId` WHERE  `a`.`articleCate` = '2'  AND `a`.`status` = 1 LIMIT 0,8 [ RunTime:0.000544s ]
---------------------------------------------------------------
[ 2018-04-13T20:48:16+08:00 ] ::1 ::1 GET /blog/index/index/time.html
[ info ] localhost/blog/index/index/time.html [运行时间：0.065454s][吞吐率：15.28req/s] [内存消耗：2,725.16kb] [文件加载：54]
[ info ] [ LANG ] D:\B\AppServ\www\blog\thinkphp\lang\zh-cn.php
[ info ] [ ROUTE ] array (
  'type' => 'module',
  'module' => 
  array (
    0 => 'index',
    1 => 'index',
    2 => 'time',
  ),
)
[ info ] [ HEADER ] array (
  'host' => 'localhost',
  'connection' => 'keep-alive',
  'upgrade-insecure-requests' => '1',
  'user-agent' => 'Mozilla/5.0 (Windows NT 10.0; WOW64) AppleWebKit/537.36 (KHTML, like Gecko) Chrome/54.0.2840.99 Safari/537.36',
  'accept' => 'text/html,application/xhtml+xml,application/xml;q=0.9,image/webp,*/*;q=0.8',
  'referer' => 'http://localhost/blog/cate?cid=2',
  'accept-encoding' => 'gzip, deflate, gzip, br',
  'accept-language' => 'zh-CN,zh;q=0.8',
  'cookie' => 'ip_0000=0.0.0.0; PHPSESSID=suceuh0f85dbfrpo0a0qs23or7',
)
[ info ] [ PARAM ] array (
)
[ info ] [ DB ] INIT mysql
[ info ] [ SESSION ] INIT array (
  'id' => '',
  'var_session_id' => '',
  'prefix' => 'think',
  'type' => '',
  'auto_start' => true,
)
[ info ] [ RUN ] app\index\controller\Index->time[ D:\B\AppServ\www\blog\application\index\controller\Index.php ]
[ info ] [ VIEW ] D:\B\AppServ\www\blog/application/index\view\index\time.html [ array (
  0 => 'cate',
  1 => 'about',
  2 => 'conf',
  3 => 'heatArticles',
  4 => 'newArticles',
  5 => 'praiseArticles',
  6 => 'friendshiplink',
  7 => 'tags',
  8 => 'message',
) ]
[ info ] [ LOG ] INIT File
[ sql ] [ DB ] CONNECT:[ UseTime:0.002293s ] mysql:host=localhost;dbname=blog;charset=utf8
[ sql ] [ SQL ] SHOW COLUMNS FROM `config` [ RunTime:0.003490s ]
[ sql ] [ SQL ] SELECT * FROM `config` LIMIT 1 [ RunTime:0.001169s ]
[ sql ] [ SQL ] SHOW COLUMNS FROM `cate` [ RunTime:0.001163s ]
[ sql ] [ SQL ] SELECT * FROM `cate` WHERE  `status` = 1 [ RunTime:0.000474s ]
[ sql ] [ SQL ] SHOW COLUMNS FROM `aboutme` [ RunTime:0.000823s ]
[ sql ] [ SQL ] SELECT * FROM `aboutme` WHERE  `meId` = 1 LIMIT 1 [ RunTime:0.000429s ]
[ sql ] [ SQL ] SHOW COLUMNS FROM `article` [ RunTime:0.001197s ]
[ sql ] [ SQL ] SELECT * FROM `article` WHERE  `status` = 1 ORDER BY articleClicks desc LIMIT 5 [ RunTime:0.000694s ]
[ sql ] [ SQL ] SELECT * FROM `article` WHERE  `status` = 1 ORDER BY addTime desc LIMIT 5 [ RunTime:0.000644s ]
[ sql ] [ SQL ] SELECT * FROM `article` WHERE  `status` = 1 ORDER BY praiseClicks desc LIMIT 5 [ RunTime:0.000526s ]
[ sql ] [ SQL ] SHOW COLUMNS FROM `friendshiplink` [ RunTime:0.001223s ]
[ sql ] [ SQL ] SELECT * FROM `friendshiplink` WHERE  `status` = 1 [ RunTime:0.000528s ]
[ sql ] [ SQL ] SELECT DISTINCT  `articleTags` FROM `article` WHERE  `status` = 1 [ RunTime:0.000672s ]
[ sql ] [ SQL ] SHOW COLUMNS FROM `message` [ RunTime:0.001045s ]
[ sql ] [ SQL ] SELECT `m`.*,`u`.`userName` FROM `message` `m` INNER JOIN `user` `u` ON `u`.`userId`=`m`.`messageAtor` WHERE  `m`.`status` = 1 LIMIT 5 [ RunTime:0.000568s ]
[ sql ] [ SQL ] SELECT * FROM `cate` WHERE  `status` = 1 [ RunTime:0.000476s ]
---------------------------------------------------------------
[ 2018-04-13T20:48:18+08:00 ] ::1 ::1 GET /blog/cate?cid=8
[ info ] localhost/blog/cate?cid=8 [运行时间：0.069140s][吞吐率：14.46req/s] [内存消耗：2,934.78kb] [文件加载：58]
[ info ] [ LANG ] D:\B\AppServ\www\blog\thinkphp\lang\zh-cn.php
[ info ] [ ROUTE ] array (
  'type' => 'module',
  'module' => 'index/article/noslider/index',
)
[ info ] [ HEADER ] array (
  'host' => 'localhost',
  'connection' => 'keep-alive',
  'upgrade-insecure-requests' => '1',
  'user-agent' => 'Mozilla/5.0 (Windows NT 10.0; WOW64) AppleWebKit/537.36 (KHTML, like Gecko) Chrome/54.0.2840.99 Safari/537.36',
  'accept' => 'text/html,application/xhtml+xml,application/xml;q=0.9,image/webp,*/*;q=0.8',
  'referer' => 'http://localhost/blog/cate?cid=2',
  'accept-encoding' => 'gzip, deflate, gzip, br',
  'accept-language' => 'zh-CN,zh;q=0.8',
  'cookie' => 'ip_0000=0.0.0.0; PHPSESSID=suceuh0f85dbfrpo0a0qs23or7',
)
[ info ] [ PARAM ] array (
  'cid' => '8',
)
[ info ] [ DB ] INIT mysql
[ info ] [ SESSION ] INIT array (
  'id' => '',
  'var_session_id' => '',
  'prefix' => 'think',
  'type' => '',
  'auto_start' => true,
)
[ info ] [ RUN ] app\index\controller\Article->noslider[ D:\B\AppServ\www\blog\application\index\controller\Article.php ]
[ info ] [ VIEW ] D:\B\AppServ\www\blog/application/index\view\article\noslider.html [ array (
  0 => 'cate',
  1 => 'about',
  2 => 'conf',
  3 => 'heatArticles',
  4 => 'newArticles',
  5 => 'praiseArticles',
  6 => 'friendshiplink',
  7 => 'tags',
  8 => 'message',
  9 => 'cateName',
  10 => 'cArticle',
) ]
[ info ] [ LOG ] INIT File
[ sql ] [ DB ] CONNECT:[ UseTime:0.001804s ] mysql:host=localhost;dbname=blog;charset=utf8
[ sql ] [ SQL ] SHOW COLUMNS FROM `config` [ RunTime:0.000850s ]
[ sql ] [ SQL ] SELECT * FROM `config` LIMIT 1 [ RunTime:0.000453s ]
[ sql ] [ SQL ] SHOW COLUMNS FROM `cate` [ RunTime:0.001407s ]
[ sql ] [ SQL ] SELECT * FROM `cate` WHERE  `status` = 1 [ RunTime:0.000935s ]
[ sql ] [ SQL ] SHOW COLUMNS FROM `aboutme` [ RunTime:0.001402s ]
[ sql ] [ SQL ] SELECT * FROM `aboutme` WHERE  `meId` = 1 LIMIT 1 [ RunTime:0.001635s ]
[ sql ] [ SQL ] SHOW COLUMNS FROM `article` [ RunTime:0.001756s ]
[ sql ] [ SQL ] SELECT * FROM `article` WHERE  `status` = 1 ORDER BY articleClicks desc LIMIT 5 [ RunTime:0.000810s ]
[ sql ] [ SQL ] SELECT * FROM `article` WHERE  `status` = 1 ORDER BY addTime desc LIMIT 5 [ RunTime:0.000587s ]
[ sql ] [ SQL ] SELECT * FROM `article` WHERE  `status` = 1 ORDER BY praiseClicks desc LIMIT 5 [ RunTime:0.000573s ]
[ sql ] [ SQL ] SHOW COLUMNS FROM `friendshiplink` [ RunTime:0.000905s ]
[ sql ] [ SQL ] SELECT * FROM `friendshiplink` WHERE  `status` = 1 [ RunTime:0.000769s ]
[ sql ] [ SQL ] SELECT DISTINCT  `articleTags` FROM `article` WHERE  `status` = 1 [ RunTime:0.000580s ]
[ sql ] [ SQL ] SHOW COLUMNS FROM `message` [ RunTime:0.001039s ]
[ sql ] [ SQL ] SELECT `m`.*,`u`.`userName` FROM `message` `m` INNER JOIN `user` `u` ON `u`.`userId`=`m`.`messageAtor` WHERE  `m`.`status` = 1 LIMIT 5 [ RunTime:0.000734s ]
[ sql ] [ SQL ] SELECT * FROM `cate` WHERE  `status` = 1 [ RunTime:0.000357s ]
[ sql ] [ SQL ] SELECT `cateName` FROM `cate` WHERE  `cateId` = 8 LIMIT 1 [ RunTime:0.000303s ]
[ sql ] [ SQL ] SELECT COUNT(*) AS tp_count FROM `article` `a` INNER JOIN `cate` `c` ON `a`.`articleCate`=`c`.`cateId` INNER JOIN `user` `u` ON `a`.`ator`=`u`.`userId` WHERE  `a`.`articleCate` = '8'  AND `a`.`status` = 1 LIMIT 1 [ RunTime:0.000443s ]
[ sql ] [ SQL ] SELECT `a`.*,`u`.`userName`,`c`.`cateName` FROM `article` `a` INNER JOIN `cate` `c` ON `a`.`articleCate`=`c`.`cateId` INNER JOIN `user` `u` ON `a`.`ator`=`u`.`userId` WHERE  `a`.`articleCate` = '8'  AND `a`.`status` = 1 LIMIT 0,8 [ RunTime:0.000420s ]
---------------------------------------------------------------
[ 2018-04-13T20:48:18+08:00 ] ::1 ::1 GET /blog/index/index/time.html
[ info ] localhost/blog/index/index/time.html [运行时间：0.085486s][吞吐率：11.70req/s] [内存消耗：2,725.16kb] [文件加载：54]
[ info ] [ LANG ] D:\B\AppServ\www\blog\thinkphp\lang\zh-cn.php
[ info ] [ ROUTE ] array (
  'type' => 'module',
  'module' => 
  array (
    0 => 'index',
    1 => 'index',
    2 => 'time',
  ),
)
[ info ] [ HEADER ] array (
  'host' => 'localhost',
  'connection' => 'keep-alive',
  'upgrade-insecure-requests' => '1',
  'user-agent' => 'Mozilla/5.0 (Windows NT 10.0; WOW64) AppleWebKit/537.36 (KHTML, like Gecko) Chrome/54.0.2840.99 Safari/537.36',
  'accept' => 'text/html,application/xhtml+xml,application/xml;q=0.9,image/webp,*/*;q=0.8',
  'referer' => 'http://localhost/blog/cate?cid=8',
  'accept-encoding' => 'gzip, deflate, gzip, br',
  'accept-language' => 'zh-CN,zh;q=0.8',
  'cookie' => 'ip_0000=0.0.0.0; PHPSESSID=suceuh0f85dbfrpo0a0qs23or7',
)
[ info ] [ PARAM ] array (
)
[ info ] [ DB ] INIT mysql
[ info ] [ SESSION ] INIT array (
  'id' => '',
  'var_session_id' => '',
  'prefix' => 'think',
  'type' => '',
  'auto_start' => true,
)
[ info ] [ RUN ] app\index\controller\Index->time[ D:\B\AppServ\www\blog\application\index\controller\Index.php ]
[ info ] [ VIEW ] D:\B\AppServ\www\blog/application/index\view\index\time.html [ array (
  0 => 'cate',
  1 => 'about',
  2 => 'conf',
  3 => 'heatArticles',
  4 => 'newArticles',
  5 => 'praiseArticles',
  6 => 'friendshiplink',
  7 => 'tags',
  8 => 'message',
) ]
[ info ] [ LOG ] INIT File
[ sql ] [ DB ] CONNECT:[ UseTime:0.011901s ] mysql:host=localhost;dbname=blog;charset=utf8
[ sql ] [ SQL ] SHOW COLUMNS FROM `config` [ RunTime:0.002561s ]
[ sql ] [ SQL ] SELECT * FROM `config` LIMIT 1 [ RunTime:0.001619s ]
[ sql ] [ SQL ] SHOW COLUMNS FROM `cate` [ RunTime:0.001190s ]
[ sql ] [ SQL ] SELECT * FROM `cate` WHERE  `status` = 1 [ RunTime:0.000779s ]
[ sql ] [ SQL ] SHOW COLUMNS FROM `aboutme` [ RunTime:0.001052s ]
[ sql ] [ SQL ] SELECT * FROM `aboutme` WHERE  `meId` = 1 LIMIT 1 [ RunTime:0.000568s ]
[ sql ] [ SQL ] SHOW COLUMNS FROM `article` [ RunTime:0.000897s ]
[ sql ] [ SQL ] SELECT * FROM `article` WHERE  `status` = 1 ORDER BY articleClicks desc LIMIT 5 [ RunTime:0.000904s ]
[ sql ] [ SQL ] SELECT * FROM `article` WHERE  `status` = 1 ORDER BY addTime desc LIMIT 5 [ RunTime:0.000850s ]
[ sql ] [ SQL ] SELECT * FROM `article` WHERE  `status` = 1 ORDER BY praiseClicks desc LIMIT 5 [ RunTime:0.000953s ]
[ sql ] [ SQL ] SHOW COLUMNS FROM `friendshiplink` [ RunTime:0.001330s ]
[ sql ] [ SQL ] SELECT * FROM `friendshiplink` WHERE  `status` = 1 [ RunTime:0.000438s ]
[ sql ] [ SQL ] SELECT DISTINCT  `articleTags` FROM `article` WHERE  `status` = 1 [ RunTime:0.002059s ]
[ sql ] [ SQL ] SHOW COLUMNS FROM `message` [ RunTime:0.002014s ]
[ sql ] [ SQL ] SELECT `m`.*,`u`.`userName` FROM `message` `m` INNER JOIN `user` `u` ON `u`.`userId`=`m`.`messageAtor` WHERE  `m`.`status` = 1 LIMIT 5 [ RunTime:0.002174s ]
[ sql ] [ SQL ] SELECT * FROM `cate` WHERE  `status` = 1 [ RunTime:0.000688s ]
---------------------------------------------------------------
[ 2018-04-13T20:48:19+08:00 ] ::1 ::1 GET /blog/home
[ info ] localhost/blog/home [运行时间：0.075543s][吞吐率：13.24req/s] [内存消耗：2,845.36kb] [文件加载：55]
[ info ] [ LANG ] D:\B\AppServ\www\blog\thinkphp\lang\zh-cn.php
[ info ] [ ROUTE ] array (
  'type' => 'module',
  'module' => 'index/index/index/index',
)
[ info ] [ HEADER ] array (
  'host' => 'localhost',
  'connection' => 'keep-alive',
  'upgrade-insecure-requests' => '1',
  'user-agent' => 'Mozilla/5.0 (Windows NT 10.0; WOW64) AppleWebKit/537.36 (KHTML, like Gecko) Chrome/54.0.2840.99 Safari/537.36',
  'accept' => 'text/html,application/xhtml+xml,application/xml;q=0.9,image/webp,*/*;q=0.8',
  'referer' => 'http://localhost/blog/cate?cid=8',
  'accept-encoding' => 'gzip, deflate, gzip, br',
  'accept-language' => 'zh-CN,zh;q=0.8',
  'cookie' => 'ip_0000=0.0.0.0; PHPSESSID=suceuh0f85dbfrpo0a0qs23or7',
)
[ info ] [ PARAM ] array (
)
[ info ] [ DB ] INIT mysql
[ info ] [ SESSION ] INIT array (
  'id' => '',
  'var_session_id' => '',
  'prefix' => 'think',
  'type' => '',
  'auto_start' => true,
)
[ info ] [ RUN ] app\index\controller\Index->index[ D:\B\AppServ\www\blog\application\index\controller\Index.php ]
[ info ] [ VIEW ] D:\B\AppServ\www\blog/application/index\view\index\index.html [ array (
  0 => 'cate',
  1 => 'about',
  2 => 'conf',
  3 => 'heatArticles',
  4 => 'newArticles',
  5 => 'praiseArticles',
  6 => 'friendshiplink',
  7 => 'tags',
  8 => 'message',
  9 => 'slider',
) ]
[ info ] [ LOG ] INIT File
[ sql ] [ DB ] CONNECT:[ UseTime:0.011763s ] mysql:host=localhost;dbname=blog;charset=utf8
[ sql ] [ SQL ] SHOW COLUMNS FROM `config` [ RunTime:0.001388s ]
[ sql ] [ SQL ] SELECT * FROM `config` LIMIT 1 [ RunTime:0.000404s ]
[ sql ] [ SQL ] SHOW COLUMNS FROM `cate` [ RunTime:0.000589s ]
[ sql ] [ SQL ] SELECT * FROM `cate` WHERE  `status` = 1 [ RunTime:0.000559s ]
[ sql ] [ SQL ] SHOW COLUMNS FROM `aboutme` [ RunTime:0.000745s ]
[ sql ] [ SQL ] SELECT * FROM `aboutme` WHERE  `meId` = 1 LIMIT 1 [ RunTime:0.000516s ]
[ sql ] [ SQL ] SHOW COLUMNS FROM `article` [ RunTime:0.001580s ]
[ sql ] [ SQL ] SELECT * FROM `article` WHERE  `status` = 1 ORDER BY articleClicks desc LIMIT 5 [ RunTime:0.000835s ]
[ sql ] [ SQL ] SELECT * FROM `article` WHERE  `status` = 1 ORDER BY addTime desc LIMIT 5 [ RunTime:0.000654s ]
[ sql ] [ SQL ] SELECT * FROM `article` WHERE  `status` = 1 ORDER BY praiseClicks desc LIMIT 5 [ RunTime:0.000328s ]
[ sql ] [ SQL ] SHOW COLUMNS FROM `friendshiplink` [ RunTime:0.000871s ]
[ sql ] [ SQL ] SELECT * FROM `friendshiplink` WHERE  `status` = 1 [ RunTime:0.000385s ]
[ sql ] [ SQL ] SELECT DISTINCT  `articleTags` FROM `article` WHERE  `status` = 1 [ RunTime:0.000731s ]
[ sql ] [ SQL ] SHOW COLUMNS FROM `message` [ RunTime:0.001469s ]
[ sql ] [ SQL ] SELECT `m`.*,`u`.`userName` FROM `message` `m` INNER JOIN `user` `u` ON `u`.`userId`=`m`.`messageAtor` WHERE  `m`.`status` = 1 LIMIT 5 [ RunTime:0.000538s ]
[ sql ] [ SQL ] SELECT * FROM `cate` WHERE  `status` = 1 [ RunTime:0.000487s ]
[ sql ] [ SQL ] SELECT `a`.*,`u`.`userName`,`c`.`cateName`,`c`.`cateId` FROM `article` `a` INNER JOIN `user` `u` ON `a`.`ator`=`u`.`userId` INNER JOIN `cate` `c` ON `a`.`articleCate`=`c`.`cateId` WHERE  `a`.`status` = 1  AND `a`.`slider` = 1 ORDER BY a.addTime asc LIMIT 5 [ RunTime:0.000575s ]
---------------------------------------------------------------
[ 2018-04-13T20:48:19+08:00 ] ::1 ::1 GET /blog/index/index/time.html
[ info ] localhost/blog/index/index/time.html [运行时间：0.088567s][吞吐率：11.29req/s] [内存消耗：2,725.27kb] [文件加载：54]
[ info ] [ LANG ] D:\B\AppServ\www\blog\thinkphp\lang\zh-cn.php
[ info ] [ ROUTE ] array (
  'type' => 'module',
  'module' => 
  array (
    0 => 'index',
    1 => 'index',
    2 => 'time',
  ),
)
[ info ] [ HEADER ] array (
  'host' => 'localhost',
  'connection' => 'keep-alive',
  'upgrade-insecure-requests' => '1',
  'user-agent' => 'Mozilla/5.0 (Windows NT 10.0; WOW64) AppleWebKit/537.36 (KHTML, like Gecko) Chrome/54.0.2840.99 Safari/537.36',
  'accept' => 'text/html,application/xhtml+xml,application/xml;q=0.9,image/webp,*/*;q=0.8',
  'referer' => 'http://localhost/blog/home',
  'accept-encoding' => 'gzip, deflate, gzip, br',
  'accept-language' => 'zh-CN,zh;q=0.8',
  'cookie' => 'ip_0000=0.0.0.0; PHPSESSID=suceuh0f85dbfrpo0a0qs23or7',
)
[ info ] [ PARAM ] array (
)
[ info ] [ DB ] INIT mysql
[ info ] [ SESSION ] INIT array (
  'id' => '',
  'var_session_id' => '',
  'prefix' => 'think',
  'type' => '',
  'auto_start' => true,
)
[ info ] [ RUN ] app\index\controller\Index->time[ D:\B\AppServ\www\blog\application\index\controller\Index.php ]
[ info ] [ VIEW ] D:\B\AppServ\www\blog/application/index\view\index\time.html [ array (
  0 => 'cate',
  1 => 'about',
  2 => 'conf',
  3 => 'heatArticles',
  4 => 'newArticles',
  5 => 'praiseArticles',
  6 => 'friendshiplink',
  7 => 'tags',
  8 => 'message',
) ]
[ info ] [ LOG ] INIT File
[ sql ] [ DB ] CONNECT:[ UseTime:0.005491s ] mysql:host=localhost;dbname=blog;charset=utf8
[ sql ] [ SQL ] SHOW COLUMNS FROM `config` [ RunTime:0.004502s ]
[ sql ] [ SQL ] SELECT * FROM `config` LIMIT 1 [ RunTime:0.000812s ]
[ sql ] [ SQL ] SHOW COLUMNS FROM `cate` [ RunTime:0.001439s ]
[ sql ] [ SQL ] SELECT * FROM `cate` WHERE  `status` = 1 [ RunTime:0.000949s ]
[ sql ] [ SQL ] SHOW COLUMNS FROM `aboutme` [ RunTime:0.001522s ]
[ sql ] [ SQL ] SELECT * FROM `aboutme` WHERE  `meId` = 1 LIMIT 1 [ RunTime:0.000940s ]
[ sql ] [ SQL ] SHOW COLUMNS FROM `article` [ RunTime:0.001818s ]
[ sql ] [ SQL ] SELECT * FROM `article` WHERE  `status` = 1 ORDER BY articleClicks desc LIMIT 5 [ RunTime:0.001657s ]
[ sql ] [ SQL ] SELECT * FROM `article` WHERE  `status` = 1 ORDER BY addTime desc LIMIT 5 [ RunTime:0.001102s ]
[ sql ] [ SQL ] SELECT * FROM `article` WHERE  `status` = 1 ORDER BY praiseClicks desc LIMIT 5 [ RunTime:0.001020s ]
[ sql ] [ SQL ] SHOW COLUMNS FROM `friendshiplink` [ RunTime:0.001410s ]
[ sql ] [ SQL ] SELECT * FROM `friendshiplink` WHERE  `status` = 1 [ RunTime:0.001267s ]
[ sql ] [ SQL ] SELECT DISTINCT  `articleTags` FROM `article` WHERE  `status` = 1 [ RunTime:0.001230s ]
[ sql ] [ SQL ] SHOW COLUMNS FROM `message` [ RunTime:0.003343s ]
[ sql ] [ SQL ] SELECT `m`.*,`u`.`userName` FROM `message` `m` INNER JOIN `user` `u` ON `u`.`userId`=`m`.`messageAtor` WHERE  `m`.`status` = 1 LIMIT 5 [ RunTime:0.000749s ]
[ sql ] [ SQL ] SELECT * FROM `cate` WHERE  `status` = 1 [ RunTime:0.000799s ]
---------------------------------------------------------------
[ 2018-04-13T20:48:19+08:00 ] ::1 ::1 GET /blog/index/index/flow?page=1
[ info ] localhost/blog/index/index/flow?page=1 [运行时间：0.074390s][吞吐率：13.44req/s] [内存消耗：2,861.93kb] [文件加载：55]
[ info ] [ LANG ] D:\B\AppServ\www\blog\thinkphp\lang\zh-cn.php
[ info ] [ ROUTE ] array (
  'type' => 'module',
  'module' => 
  array (
    0 => 'index',
    1 => 'index',
    2 => 'flow',
  ),
)
[ info ] [ HEADER ] array (
  'host' => 'localhost',
  'connection' => 'keep-alive',
  'user-agent' => 'Mozilla/5.0 (Windows NT 10.0; WOW64) AppleWebKit/537.36 (KHTML, like Gecko) Chrome/54.0.2840.99 Safari/537.36',
  'accept' => '*/*',
  'referer' => 'http://localhost/blog/home',
  'accept-encoding' => 'gzip, deflate, gzip, br',
  'accept-language' => 'zh-CN,zh;q=0.8',
  'cookie' => 'ip_0000=0.0.0.0; PHPSESSID=suceuh0f85dbfrpo0a0qs23or7',
)
[ info ] [ PARAM ] array (
  'page' => '1',
)
[ info ] [ DB ] INIT mysql
[ info ] [ SESSION ] INIT array (
  'id' => '',
  'var_session_id' => '',
  'prefix' => 'think',
  'type' => '',
  'auto_start' => true,
)
[ info ] [ RUN ] app\index\controller\Index->flow[ D:\B\AppServ\www\blog\application\index\controller\Index.php ]
[ info ] [ LOG ] INIT File
[ sql ] [ DB ] CONNECT:[ UseTime:0.001230s ] mysql:host=localhost;dbname=blog;charset=utf8
[ sql ] [ SQL ] SHOW COLUMNS FROM `config` [ RunTime:0.000935s ]
[ sql ] [ SQL ] SELECT * FROM `config` LIMIT 1 [ RunTime:0.000420s ]
[ sql ] [ SQL ] SHOW COLUMNS FROM `cate` [ RunTime:0.000681s ]
[ sql ] [ SQL ] SELECT * FROM `cate` WHERE  `status` = 1 [ RunTime:0.000314s ]
[ sql ] [ SQL ] SHOW COLUMNS FROM `aboutme` [ RunTime:0.002553s ]
[ sql ] [ SQL ] SELECT * FROM `aboutme` WHERE  `meId` = 1 LIMIT 1 [ RunTime:0.000665s ]
[ sql ] [ SQL ] SHOW COLUMNS FROM `article` [ RunTime:0.000875s ]
[ sql ] [ SQL ] SELECT * FROM `article` WHERE  `status` = 1 ORDER BY articleClicks desc LIMIT 5 [ RunTime:0.000709s ]
[ sql ] [ SQL ] SELECT * FROM `article` WHERE  `status` = 1 ORDER BY addTime desc LIMIT 5 [ RunTime:0.000645s ]
[ sql ] [ SQL ] SELECT * FROM `article` WHERE  `status` = 1 ORDER BY praiseClicks desc LIMIT 5 [ RunTime:0.001180s ]
[ sql ] [ SQL ] SHOW COLUMNS FROM `friendshiplink` [ RunTime:0.001581s ]
[ sql ] [ SQL ] SELECT * FROM `friendshiplink` WHERE  `status` = 1 [ RunTime:0.000879s ]
[ sql ] [ SQL ] SELECT DISTINCT  `articleTags` FROM `article` WHERE  `status` = 1 [ RunTime:0.000734s ]
[ sql ] [ SQL ] SHOW COLUMNS FROM `message` [ RunTime:0.001623s ]
[ sql ] [ SQL ] SELECT `m`.*,`u`.`userName` FROM `message` `m` INNER JOIN `user` `u` ON `u`.`userId`=`m`.`messageAtor` WHERE  `m`.`status` = 1 LIMIT 5 [ RunTime:0.000796s ]
[ sql ] [ SQL ] SELECT * FROM `cate` WHERE  `status` = 1 [ RunTime:0.000428s ]
[ sql ] [ SQL ] SELECT `a`.*,`u`.`userName`,`c`.`cateName`,`c`.`cateId` FROM `article` `a` INNER JOIN `user` `u` ON `a`.`ator`=`u`.`userId` INNER JOIN `cate` `c` ON `a`.`articleCate`=`c`.`cateId` WHERE  `a`.`status` = 1 LIMIT 0,11 [ RunTime:0.000888s ]
