---------------------------------------------------------------
[ 2018-04-25T13:10:59+08:00 ] ::1 ::1 GET /blog/admin
[ info ] localhost:8080/blog/admin [运行时间：1.592729s][吞吐率：0.63req/s] [内存消耗：445.30kb] [文件加载：48]
[ info ] [ LANG ] G:\PHPWAMP_IN2\wwwroot\blog\thinkphp\lang\zh-cn.php
[ info ] [ ROUTE ] array (
  'type' => 'module',
  'module' => 
  array (
    0 => 'admin',
    1 => NULL,
    2 => NULL,
  ),
)
[ info ] [ HEADER ] array (
  'host' => 'localhost:8080',
  'connection' => 'keep-alive',
  'upgrade-insecure-requests' => '1',
  'user-agent' => 'Mozilla/5.0 (Windows NT 10.0; Win64; x64) AppleWebKit/537.36 (KHTML, like Gecko) Chrome/66.0.3359.117 Safari/537.36',
  'accept' => 'text/html,application/xhtml+xml,application/xml;q=0.9,image/webp,image/apng,*/*;q=0.8',
  'accept-encoding' => 'gzip, deflate, br',
  'accept-language' => 'zh-CN,zh;q=0.9',
)
[ info ] [ PARAM ] array (
)
[ info ] [ SESSION ] INIT array (
  'id' => '',
  'var_session_id' => '',
  'prefix' => 'think',
  'type' => '',
  'auto_start' => true,
)
[ info ] [ VIEW ] G:\PHPWAMP_IN2\wwwroot\blog\thinkphp\tpl\dispatch_jump.tpl [ array (
  0 => 'code',
  1 => 'msg',
  2 => 'data',
  3 => 'url',
  4 => 'wait',
) ]
[ info ] [ LOG ] INIT File
---------------------------------------------------------------
[ 2018-04-25T13:11:01+08:00 ] ::1 ::1 GET /blog/admin
[ info ] localhost:8080/blog/admin [运行时间：0.013559s][吞吐率：73.75req/s] [内存消耗：444.24kb] [文件加载：48]
[ info ] [ LANG ] G:\PHPWAMP_IN2\wwwroot\blog\thinkphp\lang\zh-cn.php
[ info ] [ ROUTE ] array (
  'type' => 'module',
  'module' => 
  array (
    0 => 'admin',
    1 => NULL,
    2 => NULL,
  ),
)
[ info ] [ HEADER ] array (
  'host' => 'localhost:8080',
  'connection' => 'keep-alive',
  'cache-control' => 'max-age=0',
  'upgrade-insecure-requests' => '1',
  'user-agent' => 'Mozilla/5.0 (Windows NT 10.0; Win64; x64) AppleWebKit/537.36 (KHTML, like Gecko) Chrome/66.0.3359.117 Safari/537.36',
  'accept' => 'text/html,application/xhtml+xml,application/xml;q=0.9,image/webp,image/apng,*/*;q=0.8',
  'accept-encoding' => 'gzip, deflate, br',
  'accept-language' => 'zh-CN,zh;q=0.9',
  'cookie' => 'PHPSESSID=d6m6899dshub6hv7n6bn1dcb65',
)
[ info ] [ PARAM ] array (
)
[ info ] [ SESSION ] INIT array (
  'id' => '',
  'var_session_id' => '',
  'prefix' => 'think',
  'type' => '',
  'auto_start' => true,
)
[ info ] [ VIEW ] G:\PHPWAMP_IN2\wwwroot\blog\thinkphp\tpl\dispatch_jump.tpl [ array (
  0 => 'code',
  1 => 'msg',
  2 => 'data',
  3 => 'url',
  4 => 'wait',
) ]
[ info ] [ LOG ] INIT File
---------------------------------------------------------------
[ 2018-04-25T13:11:04+08:00 ] ::1 ::1 GET /blog/admin/login/login.html
[ info ] localhost:8080/blog/admin/login/login.html [运行时间：0.078574s][吞吐率：12.73req/s] [内存消耗：594.46kb] [文件加载：54]
[ info ] [ LANG ] G:\PHPWAMP_IN2\wwwroot\blog\thinkphp\lang\zh-cn.php
[ info ] [ ROUTE ] array (
  'type' => 'module',
  'module' => 
  array (
    0 => 'admin',
    1 => 'login',
    2 => 'login',
  ),
)
[ info ] [ HEADER ] array (
  'host' => 'localhost:8080',
  'connection' => 'keep-alive',
  'upgrade-insecure-requests' => '1',
  'user-agent' => 'Mozilla/5.0 (Windows NT 10.0; Win64; x64) AppleWebKit/537.36 (KHTML, like Gecko) Chrome/66.0.3359.117 Safari/537.36',
  'accept' => 'text/html,application/xhtml+xml,application/xml;q=0.9,image/webp,image/apng,*/*;q=0.8',
  'referer' => 'http://localhost:8080/blog/admin',
  'accept-encoding' => 'gzip, deflate, br',
  'accept-language' => 'zh-CN,zh;q=0.9',
  'cookie' => 'PHPSESSID=d6m6899dshub6hv7n6bn1dcb65',
)
[ info ] [ PARAM ] array (
)
[ info ] [ SESSION ] INIT array (
  'id' => '',
  'var_session_id' => '',
  'prefix' => 'think',
  'type' => '',
  'auto_start' => true,
)
[ info ] [ DB ] INIT mysql
[ info ] [ RUN ] app\admin\controller\Login->login[ G:\PHPWAMP_IN2\wwwroot\blog\application\admin\controller\Login.php ]
[ info ] [ VIEW ] G:\PHPWAMP_IN2\wwwroot\blog/application/admin\view\login\login.html [ array (
  0 => 'conf',
) ]
[ info ] [ LOG ] INIT File
[ sql ] [ DB ] CONNECT:[ UseTime:0.006879s ] mysql:host=localhost;dbname=blog;charset=utf8
[ sql ] [ SQL ] SHOW COLUMNS FROM `config` [ RunTime:0.007751s ]
[ sql ] [ SQL ] SELECT * FROM `config` WHERE  `id` = 1 LIMIT 1 [ RunTime:0.001398s ]
---------------------------------------------------------------
[ 2018-04-25T13:11:05+08:00 ] ::1 ::1 GET /blog/
[ info ] localhost:8080/blog/ [运行时间：0.343090s][吞吐率：2.91req/s] [内存消耗：983.50kb] [文件加载：59]
[ info ] [ LANG ] G:\PHPWAMP_IN2\wwwroot\blog\thinkphp\lang\zh-cn.php
[ info ] [ ROUTE ] array (
  'type' => 'module',
  'module' => 
  array (
    0 => '',
    1 => NULL,
    2 => NULL,
  ),
)
[ info ] [ HEADER ] array (
  'host' => 'localhost:8080',
  'connection' => 'keep-alive',
  'upgrade-insecure-requests' => '1',
  'user-agent' => 'Mozilla/5.0 (Windows NT 10.0; Win64; x64) AppleWebKit/537.36 (KHTML, like Gecko) Chrome/66.0.3359.117 Safari/537.36',
  'accept' => 'text/html,application/xhtml+xml,application/xml;q=0.9,image/webp,image/apng,*/*;q=0.8',
  'accept-encoding' => 'gzip, deflate, br',
  'accept-language' => 'zh-CN,zh;q=0.9',
  'cookie' => 'PHPSESSID=d6m6899dshub6hv7n6bn1dcb65',
)
[ info ] [ PARAM ] array (
)
[ info ] [ DB ] INIT mysql
[ info ] [ CACHE ] INIT file
[ info ] [ RUN ] app\index\controller\Index->index[ G:\PHPWAMP_IN2\wwwroot\blog\application\index\controller\Index.php ]
[ info ] [ VIEW ] G:\PHPWAMP_IN2\wwwroot\blog/application/index\view\index\index.html [ array (
  0 => 'conf',
  1 => 'cate',
  2 => 'about',
  3 => 'heatArticles',
  4 => 'newArticles',
  5 => 'praiseArticles',
  6 => 'friendshiplink',
  7 => 'tags',
  8 => 'message',
  9 => 'slider',
) ]
[ info ] [ SESSION ] INIT array (
  'id' => '',
  'var_session_id' => '',
  'prefix' => 'think',
  'type' => '',
  'auto_start' => true,
)
[ info ] [ LOG ] INIT File
[ sql ] [ DB ] CONNECT:[ UseTime:0.012086s ] mysql:host=localhost;dbname=blog;charset=utf8
[ sql ] [ SQL ] SHOW COLUMNS FROM `config` [ RunTime:0.001785s ]
[ sql ] [ SQL ] SELECT * FROM `config` LIMIT 1 [ RunTime:0.000511s ]
[ sql ] [ SQL ] SHOW COLUMNS FROM `cate` [ RunTime:0.001549s ]
[ sql ] [ SQL ] SELECT * FROM `cate` WHERE  `status` = 1 [ RunTime:0.000940s ]
[ sql ] [ SQL ] SHOW COLUMNS FROM `aboutme` [ RunTime:0.004147s ]
[ sql ] [ SQL ] SELECT * FROM `aboutme` WHERE  `meId` = 1 LIMIT 1 [ RunTime:0.000603s ]
[ sql ] [ SQL ] UPDATE `config`  SET `visit`=visit+1  WHERE  `id` = 1 [ RunTime:0.167930s ]
[ sql ] [ SQL ] SHOW COLUMNS FROM `article` [ RunTime:0.002118s ]
[ sql ] [ SQL ] SELECT * FROM `article` WHERE  `status` = 1 ORDER BY articleClicks desc LIMIT 5 [ RunTime:0.001431s ]
[ sql ] [ SQL ] SELECT * FROM `article` WHERE  `status` = 1 ORDER BY addTime desc LIMIT 5 [ RunTime:0.000974s ]
[ sql ] [ SQL ] SELECT * FROM `article` WHERE  `status` = 1 ORDER BY praiseClicks desc LIMIT 5 [ RunTime:0.000919s ]
[ sql ] [ SQL ] SHOW COLUMNS FROM `friendshiplink` [ RunTime:0.003307s ]
[ sql ] [ SQL ] SELECT * FROM `friendshiplink` WHERE  `status` = 1 [ RunTime:0.000607s ]
[ sql ] [ SQL ] SELECT DISTINCT  `articleTags` FROM `article` WHERE  `status` = 1 [ RunTime:0.000656s ]
[ sql ] [ SQL ] SHOW COLUMNS FROM `message` [ RunTime:0.001436s ]
[ sql ] [ SQL ] SELECT `m`.*,`u`.`userName` FROM `message` `m` INNER JOIN `user` `u` ON `u`.`userId`=`m`.`messageAtor` WHERE  `m`.`status` = 1 LIMIT 5 [ RunTime:0.001276s ]
[ sql ] [ SQL ] SELECT * FROM `cate` WHERE  `status` = 1 [ RunTime:0.001023s ]
[ sql ] [ SQL ] SELECT `a`.*,`u`.`userName`,`c`.`cateName`,`c`.`cateId` FROM `article` `a` INNER JOIN `user` `u` ON `a`.`ator`=`u`.`userId` INNER JOIN `cate` `c` ON `a`.`articleCate`=`c`.`cateId` WHERE  `a`.`status` = 1  AND `a`.`slider` = 1 ORDER BY a.addTime asc LIMIT 5 [ RunTime:0.001605s ]
---------------------------------------------------------------
[ 2018-04-25T13:11:06+08:00 ] ::1 ::1 GET /blog/index/index/time.html
[ info ] localhost:8080/blog/index/index/time.html [运行时间：0.269025s][吞吐率：3.72req/s] [内存消耗：853.89kb] [文件加载：54]
[ info ] [ LANG ] G:\PHPWAMP_IN2\wwwroot\blog\thinkphp\lang\zh-cn.php
[ info ] [ ROUTE ] array (
  'type' => 'module',
  'module' => 
  array (
    0 => 'index',
    1 => 'index',
    2 => 'time',
  ),
)
[ info ] [ HEADER ] array (
  'host' => 'localhost:8080',
  'connection' => 'keep-alive',
  'upgrade-insecure-requests' => '1',
  'user-agent' => 'Mozilla/5.0 (Windows NT 10.0; Win64; x64) AppleWebKit/537.36 (KHTML, like Gecko) Chrome/66.0.3359.117 Safari/537.36',
  'accept' => 'text/html,application/xhtml+xml,application/xml;q=0.9,image/webp,image/apng,*/*;q=0.8',
  'referer' => 'http://localhost:8080/blog/',
  'accept-encoding' => 'gzip, deflate, br',
  'accept-language' => 'zh-CN,zh;q=0.9',
  'cookie' => 'PHPSESSID=d6m6899dshub6hv7n6bn1dcb65; ip_0000=0.0.0.0',
)
[ info ] [ PARAM ] array (
)
[ info ] [ DB ] INIT mysql
[ info ] [ RUN ] app\index\controller\Index->time[ G:\PHPWAMP_IN2\wwwroot\blog\application\index\controller\Index.php ]
[ info ] [ VIEW ] G:\PHPWAMP_IN2\wwwroot\blog/application/index\view\index\time.html [ array (
  0 => 'conf',
  1 => 'cate',
  2 => 'about',
  3 => 'heatArticles',
  4 => 'newArticles',
  5 => 'praiseArticles',
  6 => 'friendshiplink',
  7 => 'tags',
  8 => 'message',
) ]
[ info ] [ LOG ] INIT File
[ sql ] [ DB ] CONNECT:[ UseTime:0.002266s ] mysql:host=localhost;dbname=blog;charset=utf8
[ sql ] [ SQL ] SHOW COLUMNS FROM `config` [ RunTime:0.002474s ]
[ sql ] [ SQL ] SELECT * FROM `config` LIMIT 1 [ RunTime:0.001109s ]
[ sql ] [ SQL ] SHOW COLUMNS FROM `cate` [ RunTime:0.001634s ]
[ sql ] [ SQL ] SELECT * FROM `cate` WHERE  `status` = 1 [ RunTime:0.000415s ]
[ sql ] [ SQL ] SHOW COLUMNS FROM `aboutme` [ RunTime:0.003366s ]
[ sql ] [ SQL ] SELECT * FROM `aboutme` WHERE  `meId` = 1 LIMIT 1 [ RunTime:0.000611s ]
[ sql ] [ SQL ] SHOW COLUMNS FROM `article` [ RunTime:0.000728s ]
[ sql ] [ SQL ] SELECT * FROM `article` WHERE  `status` = 1 ORDER BY articleClicks desc LIMIT 5 [ RunTime:0.000533s ]
[ sql ] [ SQL ] SELECT * FROM `article` WHERE  `status` = 1 ORDER BY addTime desc LIMIT 5 [ RunTime:0.000597s ]
[ sql ] [ SQL ] SELECT * FROM `article` WHERE  `status` = 1 ORDER BY praiseClicks desc LIMIT 5 [ RunTime:0.000467s ]
[ sql ] [ SQL ] SHOW COLUMNS FROM `friendshiplink` [ RunTime:0.003849s ]
[ sql ] [ SQL ] SELECT * FROM `friendshiplink` WHERE  `status` = 1 [ RunTime:0.001085s ]
[ sql ] [ SQL ] SELECT DISTINCT  `articleTags` FROM `article` WHERE  `status` = 1 [ RunTime:0.000792s ]
[ sql ] [ SQL ] SHOW COLUMNS FROM `message` [ RunTime:0.001407s ]
[ sql ] [ SQL ] SELECT `m`.*,`u`.`userName` FROM `message` `m` INNER JOIN `user` `u` ON `u`.`userId`=`m`.`messageAtor` WHERE  `m`.`status` = 1 LIMIT 5 [ RunTime:0.001203s ]
[ sql ] [ SQL ] SELECT * FROM `cate` WHERE  `status` = 1 [ RunTime:0.000994s ]
---------------------------------------------------------------
[ 2018-04-25T13:11:06+08:00 ] ::1 ::1 GET /blog/index/index/flow?page=1
[ info ] localhost:8080/blog/index/index/flow?page=1 [运行时间：0.086114s][吞吐率：11.61req/s] [内存消耗：1,139.75kb] [文件加载：55]
[ info ] [ LANG ] G:\PHPWAMP_IN2\wwwroot\blog\thinkphp\lang\zh-cn.php
[ info ] [ ROUTE ] array (
  'type' => 'module',
  'module' => 
  array (
    0 => 'index',
    1 => 'index',
    2 => 'flow',
  ),
)
[ info ] [ HEADER ] array (
  'host' => 'localhost:8080',
  'connection' => 'keep-alive',
  'user-agent' => 'Mozilla/5.0 (Windows NT 10.0; Win64; x64) AppleWebKit/537.36 (KHTML, like Gecko) Chrome/66.0.3359.117 Safari/537.36',
  'accept' => '*/*',
  'referer' => 'http://localhost:8080/blog/',
  'accept-encoding' => 'gzip, deflate, br',
  'accept-language' => 'zh-CN,zh;q=0.9',
  'cookie' => 'PHPSESSID=d6m6899dshub6hv7n6bn1dcb65; ip_0000=0.0.0.0',
)
[ info ] [ PARAM ] array (
  'page' => '1',
)
[ info ] [ DB ] INIT mysql
[ info ] [ RUN ] app\index\controller\Index->flow[ G:\PHPWAMP_IN2\wwwroot\blog\application\index\controller\Index.php ]
[ info ] [ LOG ] INIT File
[ sql ] [ DB ] CONNECT:[ UseTime:0.003221s ] mysql:host=localhost;dbname=blog;charset=utf8
[ sql ] [ SQL ] SHOW COLUMNS FROM `config` [ RunTime:0.009502s ]
[ sql ] [ SQL ] SELECT * FROM `config` LIMIT 1 [ RunTime:0.000572s ]
[ sql ] [ SQL ] SHOW COLUMNS FROM `cate` [ RunTime:0.000807s ]
[ sql ] [ SQL ] SELECT * FROM `cate` WHERE  `status` = 1 [ RunTime:0.000649s ]
[ sql ] [ SQL ] SHOW COLUMNS FROM `aboutme` [ RunTime:0.004624s ]
[ sql ] [ SQL ] SELECT * FROM `aboutme` WHERE  `meId` = 1 LIMIT 1 [ RunTime:0.000735s ]
[ sql ] [ SQL ] SHOW COLUMNS FROM `article` [ RunTime:0.003647s ]
[ sql ] [ SQL ] SELECT * FROM `article` WHERE  `status` = 1 ORDER BY articleClicks desc LIMIT 5 [ RunTime:0.000891s ]
[ sql ] [ SQL ] SELECT * FROM `article` WHERE  `status` = 1 ORDER BY addTime desc LIMIT 5 [ RunTime:0.001352s ]
[ sql ] [ SQL ] SELECT * FROM `article` WHERE  `status` = 1 ORDER BY praiseClicks desc LIMIT 5 [ RunTime:0.001437s ]
[ sql ] [ SQL ] SHOW COLUMNS FROM `friendshiplink` [ RunTime:0.007902s ]
[ sql ] [ SQL ] SELECT * FROM `friendshiplink` WHERE  `status` = 1 [ RunTime:0.000555s ]
[ sql ] [ SQL ] SELECT DISTINCT  `articleTags` FROM `article` WHERE  `status` = 1 [ RunTime:0.000690s ]
[ sql ] [ SQL ] SHOW COLUMNS FROM `message` [ RunTime:0.003678s ]
[ sql ] [ SQL ] SELECT `m`.*,`u`.`userName` FROM `message` `m` INNER JOIN `user` `u` ON `u`.`userId`=`m`.`messageAtor` WHERE  `m`.`status` = 1 LIMIT 5 [ RunTime:0.002910s ]
[ sql ] [ SQL ] SELECT * FROM `cate` WHERE  `status` = 1 [ RunTime:0.002683s ]
[ sql ] [ SQL ] SELECT `a`.*,`u`.`userName`,`c`.`cateName`,`c`.`cateId` FROM `article` `a` INNER JOIN `user` `u` ON `a`.`ator`=`u`.`userId` INNER JOIN `cate` `c` ON `a`.`articleCate`=`c`.`cateId` WHERE  `a`.`status` = 1 LIMIT 0,13 [ RunTime:0.003720s ]
---------------------------------------------------------------
[ 2018-04-25T13:11:25+08:00 ] ::1 ::1 GET /blog/log
[ info ] localhost:8080/blog/log [运行时间：0.085906s][吞吐率：11.64req/s] [内存消耗：857.64kb] [文件加载：55]
[ info ] [ LANG ] G:\PHPWAMP_IN2\wwwroot\blog\thinkphp\lang\zh-cn.php
[ info ] [ ROUTE ] array (
  'type' => 'module',
  'module' => 'index/log/log/index',
)
[ info ] [ HEADER ] array (
  'host' => 'localhost:8080',
  'connection' => 'keep-alive',
  'upgrade-insecure-requests' => '1',
  'user-agent' => 'Mozilla/5.0 (Windows NT 10.0; Win64; x64) AppleWebKit/537.36 (KHTML, like Gecko) Chrome/66.0.3359.117 Safari/537.36',
  'accept' => 'text/html,application/xhtml+xml,application/xml;q=0.9,image/webp,image/apng,*/*;q=0.8',
  'referer' => 'http://localhost:8080/blog/',
  'accept-encoding' => 'gzip, deflate, br',
  'accept-language' => 'zh-CN,zh;q=0.9',
  'cookie' => 'PHPSESSID=d6m6899dshub6hv7n6bn1dcb65; ip_0000=0.0.0.0',
)
[ info ] [ PARAM ] array (
)
[ info ] [ DB ] INIT mysql
[ info ] [ RUN ] app\index\controller\Log->log[ G:\PHPWAMP_IN2\wwwroot\blog\application\index\controller\Log.php ]
[ info ] [ VIEW ] G:\PHPWAMP_IN2\wwwroot\blog/application/index\view\log\log.html [ array (
  0 => 'conf',
  1 => 'cate',
  2 => 'about',
  3 => 'heatArticles',
  4 => 'newArticles',
  5 => 'praiseArticles',
  6 => 'friendshiplink',
  7 => 'tags',
  8 => 'message',
) ]
[ info ] [ LOG ] INIT File
[ sql ] [ DB ] CONNECT:[ UseTime:0.002548s ] mysql:host=localhost;dbname=blog;charset=utf8
[ sql ] [ SQL ] SHOW COLUMNS FROM `config` [ RunTime:0.002796s ]
[ sql ] [ SQL ] SELECT * FROM `config` LIMIT 1 [ RunTime:0.000489s ]
[ sql ] [ SQL ] SHOW COLUMNS FROM `cate` [ RunTime:0.000660s ]
[ sql ] [ SQL ] SELECT * FROM `cate` WHERE  `status` = 1 [ RunTime:0.000600s ]
[ sql ] [ SQL ] SHOW COLUMNS FROM `aboutme` [ RunTime:0.003205s ]
[ sql ] [ SQL ] SELECT * FROM `aboutme` WHERE  `meId` = 1 LIMIT 1 [ RunTime:0.002379s ]
[ sql ] [ SQL ] SHOW COLUMNS FROM `article` [ RunTime:0.002257s ]
[ sql ] [ SQL ] SELECT * FROM `article` WHERE  `status` = 1 ORDER BY articleClicks desc LIMIT 5 [ RunTime:0.000544s ]
[ sql ] [ SQL ] SELECT * FROM `article` WHERE  `status` = 1 ORDER BY addTime desc LIMIT 5 [ RunTime:0.000650s ]
[ sql ] [ SQL ] SELECT * FROM `article` WHERE  `status` = 1 ORDER BY praiseClicks desc LIMIT 5 [ RunTime:0.000826s ]
[ sql ] [ SQL ] SHOW COLUMNS FROM `friendshiplink` [ RunTime:0.002837s ]
[ sql ] [ SQL ] SELECT * FROM `friendshiplink` WHERE  `status` = 1 [ RunTime:0.000382s ]
[ sql ] [ SQL ] SELECT DISTINCT  `articleTags` FROM `article` WHERE  `status` = 1 [ RunTime:0.000463s ]
[ sql ] [ SQL ] SHOW COLUMNS FROM `message` [ RunTime:0.001146s ]
[ sql ] [ SQL ] SELECT `m`.*,`u`.`userName` FROM `message` `m` INNER JOIN `user` `u` ON `u`.`userId`=`m`.`messageAtor` WHERE  `m`.`status` = 1 LIMIT 5 [ RunTime:0.001356s ]
[ sql ] [ SQL ] SELECT * FROM `cate` WHERE  `status` = 1 [ RunTime:0.001236s ]
---------------------------------------------------------------
[ 2018-04-25T13:11:25+08:00 ] ::1 ::1 GET /blog/captcha.html
[ info ] localhost:8080/blog/captcha.html [运行时间：0.075792s][吞吐率：13.19req/s] [内存消耗：412.75kb] [文件加载：39]
[ info ] [ LANG ] G:\PHPWAMP_IN2\wwwroot\blog\thinkphp\lang\zh-cn.php
[ info ] [ ROUTE ] array (
  'type' => 'method',
  'method' => 
  array (
    0 => '\\think\\captcha\\CaptchaController',
    1 => 'index',
  ),
  'var' => 
  array (
  ),
)
[ info ] [ HEADER ] array (
  'host' => 'localhost:8080',
  'connection' => 'keep-alive',
  'user-agent' => 'Mozilla/5.0 (Windows NT 10.0; Win64; x64) AppleWebKit/537.36 (KHTML, like Gecko) Chrome/66.0.3359.117 Safari/537.36',
  'accept' => 'image/webp,image/apng,image/*,*/*;q=0.8',
  'referer' => 'http://localhost:8080/blog/log',
  'accept-encoding' => 'gzip, deflate, br',
  'accept-language' => 'zh-CN,zh;q=0.9',
  'cookie' => 'PHPSESSID=d6m6899dshub6hv7n6bn1dcb65; ip_0000=0.0.0.0',
)
[ info ] [ PARAM ] array (
  'id' => NULL,
)
[ info ] [ RUN ] think\captcha\CaptchaController->index[ G:\PHPWAMP_IN2\wwwroot\blog\vendor\topthink\think-captcha\src\CaptchaController.php ]
[ info ] [ SESSION ] INIT array (
  'id' => '',
  'var_session_id' => '',
  'prefix' => 'think',
  'type' => '',
  'auto_start' => true,
)
[ info ] [ LOG ] INIT File
---------------------------------------------------------------
[ 2018-04-25T15:50:24+08:00 ] ::1 ::1 GET /blog/log
[ info ] localhost:8080/blog/log [运行时间：0.149187s][吞吐率：6.70req/s] [内存消耗：856.63kb] [文件加载：55]
[ info ] [ LANG ] G:\PHPWAMP_IN2\wwwroot\blog\thinkphp\lang\zh-cn.php
[ info ] [ ROUTE ] array (
  'type' => 'module',
  'module' => 'index/log/log/index',
)
[ info ] [ HEADER ] array (
  'host' => 'localhost:8080',
  'connection' => 'keep-alive',
  'cache-control' => 'max-age=0',
  'upgrade-insecure-requests' => '1',
  'user-agent' => 'Mozilla/5.0 (Windows NT 10.0; Win64; x64) AppleWebKit/537.36 (KHTML, like Gecko) Chrome/66.0.3359.117 Safari/537.36',
  'accept' => 'text/html,application/xhtml+xml,application/xml;q=0.9,image/webp,image/apng,*/*;q=0.8',
  'referer' => 'http://localhost:8080/blog/',
  'accept-encoding' => 'gzip, deflate, br',
  'accept-language' => 'zh-CN,zh;q=0.9',
  'cookie' => 'PHPSESSID=d6m6899dshub6hv7n6bn1dcb65; ip_0000=0.0.0.0',
)
[ info ] [ PARAM ] array (
)
[ info ] [ DB ] INIT mysql
[ info ] [ RUN ] app\index\controller\Log->log[ G:\PHPWAMP_IN2\wwwroot\blog\application\index\controller\Log.php ]
[ info ] [ VIEW ] G:\PHPWAMP_IN2\wwwroot\blog/application/index\view\log\log.html [ array (
  0 => 'conf',
  1 => 'cate',
  2 => 'about',
  3 => 'heatArticles',
  4 => 'newArticles',
  5 => 'praiseArticles',
  6 => 'friendshiplink',
  7 => 'tags',
  8 => 'message',
) ]
[ info ] [ LOG ] INIT File
[ sql ] [ DB ] CONNECT:[ UseTime:0.100390s ] mysql:host=localhost;dbname=blog;charset=utf8
[ sql ] [ SQL ] SHOW COLUMNS FROM `config` [ RunTime:0.004862s ]
[ sql ] [ SQL ] SELECT * FROM `config` LIMIT 1 [ RunTime:0.000640s ]
[ sql ] [ SQL ] SHOW COLUMNS FROM `cate` [ RunTime:0.000911s ]
[ sql ] [ SQL ] SELECT * FROM `cate` WHERE  `status` = 1 [ RunTime:0.000631s ]
[ sql ] [ SQL ] SHOW COLUMNS FROM `aboutme` [ RunTime:0.004414s ]
[ sql ] [ SQL ] SELECT * FROM `aboutme` WHERE  `meId` = 1 LIMIT 1 [ RunTime:0.000592s ]
[ sql ] [ SQL ] SHOW COLUMNS FROM `article` [ RunTime:0.000895s ]
[ sql ] [ SQL ] SELECT * FROM `article` WHERE  `status` = 1 ORDER BY articleClicks desc LIMIT 5 [ RunTime:0.002152s ]
[ sql ] [ SQL ] SELECT * FROM `article` WHERE  `status` = 1 ORDER BY addTime desc LIMIT 5 [ RunTime:0.000747s ]
[ sql ] [ SQL ] SELECT * FROM `article` WHERE  `status` = 1 ORDER BY praiseClicks desc LIMIT 5 [ RunTime:0.000767s ]
[ sql ] [ SQL ] SHOW COLUMNS FROM `friendshiplink` [ RunTime:0.003286s ]
[ sql ] [ SQL ] SELECT * FROM `friendshiplink` WHERE  `status` = 1 [ RunTime:0.000481s ]
[ sql ] [ SQL ] SELECT DISTINCT  `articleTags` FROM `article` WHERE  `status` = 1 [ RunTime:0.000499s ]
[ sql ] [ SQL ] SHOW COLUMNS FROM `message` [ RunTime:0.001837s ]
[ sql ] [ SQL ] SELECT `m`.*,`u`.`userName` FROM `message` `m` INNER JOIN `user` `u` ON `u`.`userId`=`m`.`messageAtor` WHERE  `m`.`status` = 1 LIMIT 5 [ RunTime:0.001094s ]
[ sql ] [ SQL ] SELECT * FROM `cate` WHERE  `status` = 1 [ RunTime:0.000961s ]
---------------------------------------------------------------
[ 2018-04-25T15:50:24+08:00 ] ::1 ::1 GET /blog/captcha.html
[ info ] localhost:8080/blog/captcha.html [运行时间：0.012419s][吞吐率：80.52req/s] [内存消耗：412.76kb] [文件加载：39]
[ info ] [ LANG ] G:\PHPWAMP_IN2\wwwroot\blog\thinkphp\lang\zh-cn.php
[ info ] [ ROUTE ] array (
  'type' => 'method',
  'method' => 
  array (
    0 => '\\think\\captcha\\CaptchaController',
    1 => 'index',
  ),
  'var' => 
  array (
  ),
)
[ info ] [ HEADER ] array (
  'host' => 'localhost:8080',
  'connection' => 'keep-alive',
  'user-agent' => 'Mozilla/5.0 (Windows NT 10.0; Win64; x64) AppleWebKit/537.36 (KHTML, like Gecko) Chrome/66.0.3359.117 Safari/537.36',
  'accept' => 'image/webp,image/apng,image/*,*/*;q=0.8',
  'referer' => 'http://localhost:8080/blog/log',
  'accept-encoding' => 'gzip, deflate, br',
  'accept-language' => 'zh-CN,zh;q=0.9',
  'cookie' => 'PHPSESSID=d6m6899dshub6hv7n6bn1dcb65; ip_0000=0.0.0.0',
)
[ info ] [ PARAM ] array (
  'id' => NULL,
)
[ info ] [ RUN ] think\captcha\CaptchaController->index[ G:\PHPWAMP_IN2\wwwroot\blog\vendor\topthink\think-captcha\src\CaptchaController.php ]
[ info ] [ SESSION ] INIT array (
  'id' => '',
  'var_session_id' => '',
  'prefix' => 'think',
  'type' => '',
  'auto_start' => true,
)
[ info ] [ LOG ] INIT File
---------------------------------------------------------------
[ 2018-04-25T15:50:27+08:00 ] ::1 ::1 GET /blog/home
[ info ] localhost:8080/blog/home [运行时间：0.066870s][吞吐率：14.95req/s] [内存消耗：955.56kb] [文件加载：55]
[ info ] [ LANG ] G:\PHPWAMP_IN2\wwwroot\blog\thinkphp\lang\zh-cn.php
[ info ] [ ROUTE ] array (
  'type' => 'module',
  'module' => 'index/index/index/index',
)
[ info ] [ HEADER ] array (
  'host' => 'localhost:8080',
  'connection' => 'keep-alive',
  'upgrade-insecure-requests' => '1',
  'user-agent' => 'Mozilla/5.0 (Windows NT 10.0; Win64; x64) AppleWebKit/537.36 (KHTML, like Gecko) Chrome/66.0.3359.117 Safari/537.36',
  'accept' => 'text/html,application/xhtml+xml,application/xml;q=0.9,image/webp,image/apng,*/*;q=0.8',
  'referer' => 'http://localhost:8080/blog/log',
  'accept-encoding' => 'gzip, deflate, br',
  'accept-language' => 'zh-CN,zh;q=0.9',
  'cookie' => 'PHPSESSID=d6m6899dshub6hv7n6bn1dcb65; ip_0000=0.0.0.0',
)
[ info ] [ PARAM ] array (
)
[ info ] [ DB ] INIT mysql
[ info ] [ RUN ] app\index\controller\Index->index[ G:\PHPWAMP_IN2\wwwroot\blog\application\index\controller\Index.php ]
[ info ] [ VIEW ] G:\PHPWAMP_IN2\wwwroot\blog/application/index\view\index\index.html [ array (
  0 => 'conf',
  1 => 'cate',
  2 => 'about',
  3 => 'heatArticles',
  4 => 'newArticles',
  5 => 'praiseArticles',
  6 => 'friendshiplink',
  7 => 'tags',
  8 => 'message',
  9 => 'slider',
) ]
[ info ] [ SESSION ] INIT array (
  'id' => '',
  'var_session_id' => '',
  'prefix' => 'think',
  'type' => '',
  'auto_start' => true,
)
[ info ] [ LOG ] INIT File
[ sql ] [ DB ] CONNECT:[ UseTime:0.002890s ] mysql:host=localhost;dbname=blog;charset=utf8
[ sql ] [ SQL ] SHOW COLUMNS FROM `config` [ RunTime:0.003990s ]
[ sql ] [ SQL ] SELECT * FROM `config` LIMIT 1 [ RunTime:0.000652s ]
[ sql ] [ SQL ] SHOW COLUMNS FROM `cate` [ RunTime:0.001666s ]
[ sql ] [ SQL ] SELECT * FROM `cate` WHERE  `status` = 1 [ RunTime:0.000982s ]
[ sql ] [ SQL ] SHOW COLUMNS FROM `aboutme` [ RunTime:0.003449s ]
[ sql ] [ SQL ] SELECT * FROM `aboutme` WHERE  `meId` = 1 LIMIT 1 [ RunTime:0.000707s ]
[ sql ] [ SQL ] SHOW COLUMNS FROM `article` [ RunTime:0.002496s ]
[ sql ] [ SQL ] SELECT * FROM `article` WHERE  `status` = 1 ORDER BY articleClicks desc LIMIT 5 [ RunTime:0.000671s ]
[ sql ] [ SQL ] SELECT * FROM `article` WHERE  `status` = 1 ORDER BY addTime desc LIMIT 5 [ RunTime:0.000926s ]
[ sql ] [ SQL ] SELECT * FROM `article` WHERE  `status` = 1 ORDER BY praiseClicks desc LIMIT 5 [ RunTime:0.001092s ]
[ sql ] [ SQL ] SHOW COLUMNS FROM `friendshiplink` [ RunTime:0.004618s ]
[ sql ] [ SQL ] SELECT * FROM `friendshiplink` WHERE  `status` = 1 [ RunTime:0.000929s ]
[ sql ] [ SQL ] SELECT DISTINCT  `articleTags` FROM `article` WHERE  `status` = 1 [ RunTime:0.000657s ]
[ sql ] [ SQL ] SHOW COLUMNS FROM `message` [ RunTime:0.003136s ]
[ sql ] [ SQL ] SELECT `m`.*,`u`.`userName` FROM `message` `m` INNER JOIN `user` `u` ON `u`.`userId`=`m`.`messageAtor` WHERE  `m`.`status` = 1 LIMIT 5 [ RunTime:0.003169s ]
[ sql ] [ SQL ] SELECT * FROM `cate` WHERE  `status` = 1 [ RunTime:0.002315s ]
[ sql ] [ SQL ] SELECT `a`.*,`u`.`userName`,`c`.`cateName`,`c`.`cateId` FROM `article` `a` INNER JOIN `user` `u` ON `a`.`ator`=`u`.`userId` INNER JOIN `cate` `c` ON `a`.`articleCate`=`c`.`cateId` WHERE  `a`.`status` = 1  AND `a`.`slider` = 1 ORDER BY a.addTime asc LIMIT 5 [ RunTime:0.002741s ]
---------------------------------------------------------------
[ 2018-04-25T15:50:27+08:00 ] ::1 ::1 GET /blog/index/index/time.html
[ info ] localhost:8080/blog/index/index/time.html [运行时间：0.060449s][吞吐率：16.54req/s] [内存消耗：853.88kb] [文件加载：54]
[ info ] [ LANG ] G:\PHPWAMP_IN2\wwwroot\blog\thinkphp\lang\zh-cn.php
[ info ] [ ROUTE ] array (
  'type' => 'module',
  'module' => 
  array (
    0 => 'index',
    1 => 'index',
    2 => 'time',
  ),
)
[ info ] [ HEADER ] array (
  'host' => 'localhost:8080',
  'connection' => 'keep-alive',
  'upgrade-insecure-requests' => '1',
  'user-agent' => 'Mozilla/5.0 (Windows NT 10.0; Win64; x64) AppleWebKit/537.36 (KHTML, like Gecko) Chrome/66.0.3359.117 Safari/537.36',
  'accept' => 'text/html,application/xhtml+xml,application/xml;q=0.9,image/webp,image/apng,*/*;q=0.8',
  'referer' => 'http://localhost:8080/blog/home',
  'accept-encoding' => 'gzip, deflate, br',
  'accept-language' => 'zh-CN,zh;q=0.9',
  'cookie' => 'PHPSESSID=d6m6899dshub6hv7n6bn1dcb65; ip_0000=0.0.0.0',
)
[ info ] [ PARAM ] array (
)
[ info ] [ DB ] INIT mysql
[ info ] [ RUN ] app\index\controller\Index->time[ G:\PHPWAMP_IN2\wwwroot\blog\application\index\controller\Index.php ]
[ info ] [ VIEW ] G:\PHPWAMP_IN2\wwwroot\blog/application/index\view\index\time.html [ array (
  0 => 'conf',
  1 => 'cate',
  2 => 'about',
  3 => 'heatArticles',
  4 => 'newArticles',
  5 => 'praiseArticles',
  6 => 'friendshiplink',
  7 => 'tags',
  8 => 'message',
) ]
[ info ] [ LOG ] INIT File
[ sql ] [ DB ] CONNECT:[ UseTime:0.001536s ] mysql:host=localhost;dbname=blog;charset=utf8
[ sql ] [ SQL ] SHOW COLUMNS FROM `config` [ RunTime:0.001983s ]
[ sql ] [ SQL ] SELECT * FROM `config` LIMIT 1 [ RunTime:0.000441s ]
[ sql ] [ SQL ] SHOW COLUMNS FROM `cate` [ RunTime:0.001103s ]
[ sql ] [ SQL ] SELECT * FROM `cate` WHERE  `status` = 1 [ RunTime:0.000724s ]
[ sql ] [ SQL ] SHOW COLUMNS FROM `aboutme` [ RunTime:0.007516s ]
[ sql ] [ SQL ] SELECT * FROM `aboutme` WHERE  `meId` = 1 LIMIT 1 [ RunTime:0.000505s ]
[ sql ] [ SQL ] SHOW COLUMNS FROM `article` [ RunTime:0.000951s ]
[ sql ] [ SQL ] SELECT * FROM `article` WHERE  `status` = 1 ORDER BY articleClicks desc LIMIT 5 [ RunTime:0.000811s ]
[ sql ] [ SQL ] SELECT * FROM `article` WHERE  `status` = 1 ORDER BY addTime desc LIMIT 5 [ RunTime:0.001006s ]
[ sql ] [ SQL ] SELECT * FROM `article` WHERE  `status` = 1 ORDER BY praiseClicks desc LIMIT 5 [ RunTime:0.000590s ]
[ sql ] [ SQL ] SHOW COLUMNS FROM `friendshiplink` [ RunTime:0.008206s ]
[ sql ] [ SQL ] SELECT * FROM `friendshiplink` WHERE  `status` = 1 [ RunTime:0.001692s ]
[ sql ] [ SQL ] SELECT DISTINCT  `articleTags` FROM `article` WHERE  `status` = 1 [ RunTime:0.000638s ]
[ sql ] [ SQL ] SHOW COLUMNS FROM `message` [ RunTime:0.001723s ]
[ sql ] [ SQL ] SELECT `m`.*,`u`.`userName` FROM `message` `m` INNER JOIN `user` `u` ON `u`.`userId`=`m`.`messageAtor` WHERE  `m`.`status` = 1 LIMIT 5 [ RunTime:0.001132s ]
[ sql ] [ SQL ] SELECT * FROM `cate` WHERE  `status` = 1 [ RunTime:0.001109s ]
---------------------------------------------------------------
[ 2018-04-25T15:50:28+08:00 ] ::1 ::1 GET /blog/index/index/flow?page=1
[ info ] localhost:8080/blog/index/index/flow?page=1 [运行时间：0.071768s][吞吐率：13.93req/s] [内存消耗：1,139.74kb] [文件加载：55]
[ info ] [ LANG ] G:\PHPWAMP_IN2\wwwroot\blog\thinkphp\lang\zh-cn.php
[ info ] [ ROUTE ] array (
  'type' => 'module',
  'module' => 
  array (
    0 => 'index',
    1 => 'index',
    2 => 'flow',
  ),
)
[ info ] [ HEADER ] array (
  'host' => 'localhost:8080',
  'connection' => 'keep-alive',
  'user-agent' => 'Mozilla/5.0 (Windows NT 10.0; Win64; x64) AppleWebKit/537.36 (KHTML, like Gecko) Chrome/66.0.3359.117 Safari/537.36',
  'accept' => '*/*',
  'referer' => 'http://localhost:8080/blog/home',
  'accept-encoding' => 'gzip, deflate, br',
  'accept-language' => 'zh-CN,zh;q=0.9',
  'cookie' => 'PHPSESSID=d6m6899dshub6hv7n6bn1dcb65; ip_0000=0.0.0.0',
)
[ info ] [ PARAM ] array (
  'page' => '1',
)
[ info ] [ DB ] INIT mysql
[ info ] [ RUN ] app\index\controller\Index->flow[ G:\PHPWAMP_IN2\wwwroot\blog\application\index\controller\Index.php ]
[ info ] [ LOG ] INIT File
[ sql ] [ DB ] CONNECT:[ UseTime:0.002604s ] mysql:host=localhost;dbname=blog;charset=utf8
[ sql ] [ SQL ] SHOW COLUMNS FROM `config` [ RunTime:0.005823s ]
[ sql ] [ SQL ] SELECT * FROM `config` LIMIT 1 [ RunTime:0.000797s ]
[ sql ] [ SQL ] SHOW COLUMNS FROM `cate` [ RunTime:0.001533s ]
[ sql ] [ SQL ] SELECT * FROM `cate` WHERE  `status` = 1 [ RunTime:0.000828s ]
[ sql ] [ SQL ] SHOW COLUMNS FROM `aboutme` [ RunTime:0.008682s ]
[ sql ] [ SQL ] SELECT * FROM `aboutme` WHERE  `meId` = 1 LIMIT 1 [ RunTime:0.000469s ]
[ sql ] [ SQL ] SHOW COLUMNS FROM `article` [ RunTime:0.001249s ]
[ sql ] [ SQL ] SELECT * FROM `article` WHERE  `status` = 1 ORDER BY articleClicks desc LIMIT 5 [ RunTime:0.000770s ]
[ sql ] [ SQL ] SELECT * FROM `article` WHERE  `status` = 1 ORDER BY addTime desc LIMIT 5 [ RunTime:0.000813s ]
[ sql ] [ SQL ] SELECT * FROM `article` WHERE  `status` = 1 ORDER BY praiseClicks desc LIMIT 5 [ RunTime:0.000738s ]
[ sql ] [ SQL ] SHOW COLUMNS FROM `friendshiplink` [ RunTime:0.003965s ]
[ sql ] [ SQL ] SELECT * FROM `friendshiplink` WHERE  `status` = 1 [ RunTime:0.000457s ]
[ sql ] [ SQL ] SELECT DISTINCT  `articleTags` FROM `article` WHERE  `status` = 1 [ RunTime:0.001136s ]
[ sql ] [ SQL ] SHOW COLUMNS FROM `message` [ RunTime:0.002590s ]
[ sql ] [ SQL ] SELECT `m`.*,`u`.`userName` FROM `message` `m` INNER JOIN `user` `u` ON `u`.`userId`=`m`.`messageAtor` WHERE  `m`.`status` = 1 LIMIT 5 [ RunTime:0.002766s ]
[ sql ] [ SQL ] SELECT * FROM `cate` WHERE  `status` = 1 [ RunTime:0.002495s ]
[ sql ] [ SQL ] SELECT `a`.*,`u`.`userName`,`c`.`cateName`,`c`.`cateId` FROM `article` `a` INNER JOIN `user` `u` ON `a`.`ator`=`u`.`userId` INNER JOIN `cate` `c` ON `a`.`articleCate`=`c`.`cateId` WHERE  `a`.`status` = 1 LIMIT 0,13 [ RunTime:0.001464s ]
